#
# There is insufficient memory for the Java Runtime Environment to continue.
# Native memory allocation (malloc) failed to allocate 166496 bytes for Chunk::new
# Possible reasons:
#   The system is out of physical RAM or swap space
#   The process is running with CompressedOops enabled, and the Java Heap may be blocking the growth of the native heap
# Possible solutions:
#   Reduce memory load on the system
#   Increase physical memory or swap space
#   Check if swap backing store is full
#   Decrease Java heap size (-Xmx/-Xms)
#   Decrease number of Java threads
#   Decrease Java thread stack sizes (-Xss)
#   Set larger code cache with -XX:ReservedCodeCacheSize=
#   JVM is running with Unscaled Compressed Oops mode in which the Java heap is
#     placed in the first 4GB address space. The Java Heap base address is the
#     maximum limit for the native heap growth. Please use -XX:HeapBaseMinAddress
#     to set the Java Heap base and to place the Java Heap above 4GB virtual address.
# This output file may be truncated or incomplete.
#
#  Out of Memory Error (allocation.cpp:389), pid=16024, tid=0x0000000000002d90
#
# JRE version: OpenJDK Runtime Environment (8.0_242-b01) (build 1.8.0_242-release-1644-b01)
# Java VM: OpenJDK 64-Bit Server VM (25.242-b01 mixed mode windows-amd64 compressed oops)
# Failed to write core dump. Minidumps are not enabled by default on client versions of Windows
#

---------------  T H R E A D  ---------------

Current thread (0x0000000016bb9000):  JavaThread "C2 CompilerThread1" daemon [_thread_in_native, id=11664, stack(0x00000000182e0000,0x00000000183e0000)]

Stack: [0x00000000182e0000,0x00000000183e0000]
[error occurred during error reporting (printing stack bounds), id 0xc0000005]

Native frames: (J=compiled Java code, j=interpreted, Vv=VM code, C=native code)


Current CompileTask:
C2:  41624 10482       4       org.gradle.internal.logging.text.AbstractLineChoppingStyledTextOutput::doAppend (43 bytes)


---------------  P R O C E S S  ---------------

Java Threads: ( => current thread )
  0x000000002a523800 JavaThread "Exec process Thread 3" [_thread_in_native, id=21212, stack(0x000000002d5e0000,0x000000002d6e0000)]
  0x000000002a524000 JavaThread "Exec process Thread 2" [_thread_in_native, id=16496, stack(0x000000002d4e0000,0x000000002d5e0000)]
  0x000000002a525800 JavaThread "Exec process" [_thread_in_native, id=17152, stack(0x000000002d3e0000,0x000000002d4e0000)]
  0x000000002a525000 JavaThread "Cache worker for execution history cache (E:\New folder (2)\office\archimat\archi_mat_new\android\.gradle\6.7\executionHistory)" [_thread_blocked, id=5388, stack(0x000000002d2e0000,0x000000002d3e0000)]
  0x000000002a520800 JavaThread "Execution worker for ':' Thread 3" [_thread_blocked, id=2776, stack(0x000000002b370000,0x000000002b470000)]
  0x000000002a521000 JavaThread "Execution worker for ':' Thread 2" [_thread_blocked, id=2784, stack(0x000000002afc0000,0x000000002b0c0000)]
  0x000000002a527000 JavaThread "Execution worker for ':'" [_thread_blocked, id=6060, stack(0x0000000029ed0000,0x0000000029fd0000)]
  0x000000001a966800 JavaThread "Memory manager" [_thread_blocked, id=6356, stack(0x0000000028600000,0x0000000028700000)]
  0x000000001a965800 JavaThread "jar transforms Thread 114" [_thread_blocked, id=12056, stack(0x0000000027f00000,0x0000000028000000)]
  0x000000001a965000 JavaThread "jar transforms Thread 113" [_thread_blocked, id=8480, stack(0x0000000027e00000,0x0000000027f00000)]
  0x000000001a96a800 JavaThread "jar transforms Thread 112" [_thread_blocked, id=17380, stack(0x0000000027d00000,0x0000000027e00000)]
  0x000000001a964000 JavaThread "jar transforms Thread 111" [_thread_blocked, id=1736, stack(0x0000000027c00000,0x0000000027d00000)]
  0x000000001a967800 JavaThread "jar transforms Thread 110" [_thread_blocked, id=16536, stack(0x0000000027b00000,0x0000000027c00000)]
  0x000000001a963800 JavaThread "jar transforms Thread 109" [_thread_blocked, id=16272, stack(0x0000000027a00000,0x0000000027b00000)]
  0x000000001a969000 JavaThread "jar transforms Thread 108" [_thread_blocked, id=14500, stack(0x0000000027900000,0x0000000027a00000)]
  0x000000001a95c000 JavaThread "jar transforms Thread 107" [_thread_blocked, id=3696, stack(0x0000000027800000,0x0000000027900000)]
  0x000000001a962800 JavaThread "jar transforms Thread 106" [_thread_blocked, id=19880, stack(0x0000000027700000,0x0000000027800000)]
  0x000000001a95b000 JavaThread "jar transforms Thread 105" [_thread_blocked, id=1244, stack(0x0000000027600000,0x0000000027700000)]
  0x000000001a961000 JavaThread "jar transforms Thread 104" [_thread_blocked, id=19872, stack(0x0000000027500000,0x0000000027600000)]
  0x000000001a95d800 JavaThread "jar transforms Thread 103" [_thread_blocked, id=8352, stack(0x0000000027400000,0x0000000027500000)]
  0x000000001a960800 JavaThread "jar transforms Thread 102" [_thread_blocked, id=9088, stack(0x0000000027300000,0x0000000027400000)]
  0x000000001a95f800 JavaThread "jar transforms Thread 101" [_thread_blocked, id=10948, stack(0x0000000027200000,0x0000000027300000)]
  0x000000001a95f000 JavaThread "jar transforms Thread 100" [_thread_blocked, id=14932, stack(0x0000000027100000,0x0000000027200000)]
  0x000000001a95e000 JavaThread "jar transforms Thread 99" [_thread_blocked, id=9656, stack(0x0000000027000000,0x0000000027100000)]
  0x000000001a95c800 JavaThread "jar transforms Thread 98" [_thread_blocked, id=3736, stack(0x0000000026f00000,0x0000000027000000)]
  0x000000001a962000 JavaThread "jar transforms Thread 97" [_thread_blocked, id=7900, stack(0x0000000026e00000,0x0000000026f00000)]
  0x000000001ac56800 JavaThread "jar transforms Thread 96" [_thread_blocked, id=8988, stack(0x0000000026d00000,0x0000000026e00000)]
  0x000000001ac58000 JavaThread "jar transforms Thread 95" [_thread_blocked, id=17404, stack(0x0000000026c00000,0x0000000026d00000)]
  0x000000001ac55000 JavaThread "jar transforms Thread 94" [_thread_blocked, id=12032, stack(0x0000000026b00000,0x0000000026c00000)]
  0x000000001ac54800 JavaThread "jar transforms Thread 93" [_thread_blocked, id=5184, stack(0x0000000026a00000,0x0000000026b00000)]
  0x000000001ac53800 JavaThread "jar transforms Thread 92" [_thread_blocked, id=13732, stack(0x0000000026900000,0x0000000026a00000)]
  0x000000001ac57800 JavaThread "jar transforms Thread 91" [_thread_blocked, id=6260, stack(0x0000000026800000,0x0000000026900000)]
  0x000000001ac53000 JavaThread "jar transforms Thread 90" [_thread_blocked, id=13520, stack(0x0000000026700000,0x0000000026800000)]
  0x000000001ac59800 JavaThread "jar transforms Thread 89" [_thread_blocked, id=6676, stack(0x0000000026600000,0x0000000026700000)]
  0x000000001ac59000 JavaThread "jar transforms Thread 88" [_thread_blocked, id=2504, stack(0x0000000026500000,0x0000000026600000)]
  0x000000001ac56000 JavaThread "jar transforms Thread 87" [_thread_blocked, id=15928, stack(0x0000000026400000,0x0000000026500000)]
  0x000000001ac4b000 JavaThread "jar transforms Thread 86" [_thread_blocked, id=20368, stack(0x0000000026300000,0x0000000026400000)]
  0x000000001ac52000 JavaThread "jar transforms Thread 85" [_thread_blocked, id=15332, stack(0x0000000026200000,0x0000000026300000)]
  0x000000001ac51800 JavaThread "jar transforms Thread 84" [_thread_blocked, id=15364, stack(0x0000000026100000,0x0000000026200000)]
  0x000000001ac50800 JavaThread "jar transforms Thread 83" [_thread_blocked, id=21480, stack(0x0000000025f00000,0x0000000026000000)]
  0x000000001ac50000 JavaThread "jar transforms Thread 82" [_thread_blocked, id=22968, stack(0x0000000025e00000,0x0000000025f00000)]
  0x000000001ac4d800 JavaThread "jar transforms Thread 81" [_thread_blocked, id=20920, stack(0x0000000025d00000,0x0000000025e00000)]
  0x000000001ac4c000 JavaThread "jar transforms Thread 80" [_thread_blocked, id=22884, stack(0x0000000025c00000,0x0000000025d00000)]
  0x000000001ac4c800 JavaThread "jar transforms Thread 79" [_thread_blocked, id=17840, stack(0x0000000025b00000,0x0000000025c00000)]
  0x000000001ac4a800 JavaThread "jar transforms Thread 78" [_thread_blocked, id=12652, stack(0x0000000025a00000,0x0000000025b00000)]
  0x000000001ac4e000 JavaThread "jar transforms Thread 77" [_thread_blocked, id=13816, stack(0x0000000025900000,0x0000000025a00000)]
  0x000000001ac4f000 JavaThread "jar transforms Thread 76" [_thread_blocked, id=5248, stack(0x0000000025800000,0x0000000025900000)]
  0x000000001988f800 JavaThread "jar transforms Thread 75" [_thread_blocked, id=14328, stack(0x0000000025700000,0x0000000025800000)]
  0x000000001988c800 JavaThread "jar transforms Thread 74" [_thread_blocked, id=788, stack(0x0000000025600000,0x0000000025700000)]
  0x000000001988f000 JavaThread "jar transforms Thread 73" [_thread_blocked, id=22232, stack(0x0000000025500000,0x0000000025600000)]
  0x000000001988c000 JavaThread "jar transforms Thread 72" [_thread_blocked, id=22508, stack(0x0000000025400000,0x0000000025500000)]
  0x000000001988e000 JavaThread "jar transforms Thread 71" [_thread_blocked, id=22488, stack(0x0000000025300000,0x0000000025400000)]
  0x000000001988d800 JavaThread "jar transforms Thread 70" [_thread_blocked, id=7636, stack(0x0000000025200000,0x0000000025300000)]
  0x000000001988b000 JavaThread "jar transforms Thread 69" [_thread_blocked, id=23072, stack(0x0000000025100000,0x0000000025200000)]
  0x0000000019883800 JavaThread "jar transforms Thread 68" [_thread_blocked, id=13964, stack(0x0000000025000000,0x0000000025100000)]
  0x000000001988a800 JavaThread "jar transforms Thread 67" [_thread_blocked, id=14528, stack(0x0000000024f00000,0x0000000025000000)]
  0x0000000019889800 JavaThread "jar transforms Thread 66" [_thread_blocked, id=14712, stack(0x0000000024e00000,0x0000000024f00000)]
  0x0000000019889000 JavaThread "jar transforms Thread 65" [_thread_blocked, id=10672, stack(0x0000000024d00000,0x0000000024e00000)]
  0x0000000019888000 JavaThread "jar transforms Thread 64" [_thread_blocked, id=18184, stack(0x0000000024c00000,0x0000000024d00000)]
  0x0000000019887800 JavaThread "jar transforms Thread 63" [_thread_blocked, id=17768, stack(0x0000000024b00000,0x0000000024c00000)]
  0x0000000019886800 JavaThread "jar transforms Thread 62" [_thread_blocked, id=10924, stack(0x0000000024a00000,0x0000000024b00000)]
  0x0000000019880800 JavaThread "jar transforms Thread 61" [_thread_blocked, id=17000, stack(0x0000000024900000,0x0000000024a00000)]
  0x0000000019881800 JavaThread "jar transforms Thread 60" [_thread_blocked, id=21448, stack(0x0000000024800000,0x0000000024900000)]
  0x0000000019885000 JavaThread "jar transforms Thread 59" [_thread_blocked, id=16512, stack(0x0000000024700000,0x0000000024800000)]
  0x0000000019883000 JavaThread "jar transforms Thread 58" [_thread_blocked, id=1188, stack(0x0000000024600000,0x0000000024700000)]
  0x0000000019884800 JavaThread "jar transforms Thread 57" [_thread_blocked, id=21996, stack(0x0000000024500000,0x0000000024600000)]
  0x0000000019882000 JavaThread "jar transforms Thread 56" [_thread_blocked, id=21220, stack(0x0000000024400000,0x0000000024500000)]
  0x0000000019886000 JavaThread "jar transforms Thread 55" [_thread_blocked, id=2612, stack(0x0000000024300000,0x0000000024400000)]
  0x000000001b0a5800 JavaThread "jar transforms Thread 54" [_thread_blocked, id=10620, stack(0x0000000024200000,0x0000000024300000)]
  0x000000001b0ab000 JavaThread "jar transforms Thread 53" [_thread_blocked, id=9536, stack(0x0000000024100000,0x0000000024200000)]
  0x000000001b0ac800 JavaThread "jar transforms Thread 52" [_thread_blocked, id=12164, stack(0x0000000024000000,0x0000000024100000)]
  0x000000001b0a5000 JavaThread "jar transforms Thread 51" [_thread_blocked, id=15968, stack(0x0000000023f00000,0x0000000024000000)]
  0x000000001b0ab800 JavaThread "jar transforms Thread 50" [_thread_blocked, id=11684, stack(0x0000000023e00000,0x0000000023f00000)]
  0x000000001b0a9800 JavaThread "jar transforms Thread 49" [_thread_blocked, id=9660, stack(0x0000000023d00000,0x0000000023e00000)]
  0x000000001b0a6800 JavaThread "jar transforms Thread 48" [_thread_blocked, id=18440, stack(0x0000000023c00000,0x0000000023d00000)]
  0x000000001b0aa000 JavaThread "jar transforms Thread 47" [_thread_blocked, id=22400, stack(0x0000000023b00000,0x0000000023c00000)]
  0x000000001b0a2000 JavaThread "jar transforms Thread 46" [_thread_blocked, id=18192, stack(0x0000000023a00000,0x0000000023b00000)]
  0x000000001b0a8000 JavaThread "jar transforms Thread 45" [_thread_blocked, id=10180, stack(0x0000000023900000,0x0000000023a00000)]
  0x000000001b0a8800 JavaThread "jar transforms Thread 44" [_thread_blocked, id=21344, stack(0x0000000023800000,0x0000000023900000)]
  0x000000001b0a7000 JavaThread "jar transforms Thread 43" [_thread_blocked, id=13624, stack(0x0000000023700000,0x0000000023800000)]
  0x000000001b09d800 JavaThread "jar transforms Thread 42" [_thread_blocked, id=3256, stack(0x0000000023600000,0x0000000023700000)]
  0x000000001b0a0800 JavaThread "jar transforms Thread 41" [_thread_blocked, id=18360, stack(0x0000000023500000,0x0000000023600000)]
  0x000000001b0a3800 JavaThread "jar transforms Thread 40" [_thread_blocked, id=6440, stack(0x0000000023400000,0x0000000023500000)]
  0x000000001b09f800 JavaThread "jar transforms Thread 39" [_thread_blocked, id=6804, stack(0x0000000023300000,0x0000000023400000)]
  0x000000001b09e000 JavaThread "jar transforms Thread 38" [_thread_blocked, id=20932, stack(0x0000000023200000,0x0000000023300000)]
  0x000000001b0a4000 JavaThread "jar transforms Thread 37" [_thread_blocked, id=21240, stack(0x0000000023100000,0x0000000023200000)]
  0x000000001b0a1000 JavaThread "jar transforms Thread 36" [_thread_blocked, id=13460, stack(0x0000000023000000,0x0000000023100000)]
  0x000000001b09f000 JavaThread "jar transforms Thread 35" [_thread_blocked, id=2352, stack(0x0000000022f00000,0x0000000023000000)]
  0x000000001b0a2800 JavaThread "jar transforms Thread 34" [_thread_blocked, id=9832, stack(0x0000000022e00000,0x0000000022f00000)]
  0x000000001a898000 JavaThread "jar transforms Thread 33" [_thread_blocked, id=236, stack(0x0000000022d00000,0x0000000022e00000)]
  0x000000001a897800 JavaThread "jar transforms Thread 32" [_thread_blocked, id=9016, stack(0x0000000022c00000,0x0000000022d00000)]
  0x000000001a899000 JavaThread "jar transforms Thread 31" [_thread_blocked, id=10680, stack(0x0000000022b00000,0x0000000022c00000)]
  0x000000001a893000 JavaThread "jar transforms Thread 30" [_thread_blocked, id=11412, stack(0x0000000022a00000,0x0000000022b00000)]
  0x000000001a896800 JavaThread "jar transforms Thread 29" [_thread_blocked, id=22804, stack(0x0000000022900000,0x0000000022a00000)]
  0x000000001a88f000 JavaThread "jar transforms Thread 28" [_thread_blocked, id=9792, stack(0x0000000022800000,0x0000000022900000)]
  0x000000001a892000 JavaThread "jar transforms Thread 27" [_thread_blocked, id=4204, stack(0x0000000022700000,0x0000000022800000)]
  0x000000001a896000 JavaThread "jar transforms Thread 26" [_thread_blocked, id=17104, stack(0x0000000022600000,0x0000000022700000)]
  0x000000001a895000 JavaThread "jar transforms Thread 25" [_thread_blocked, id=5640, stack(0x0000000022500000,0x0000000022600000)]
  0x000000001a891800 JavaThread "jar transforms Thread 24" [_thread_blocked, id=9480, stack(0x0000000022400000,0x0000000022500000)]
  0x000000001a88e800 JavaThread "jar transforms Thread 23" [_thread_blocked, id=16044, stack(0x0000000022300000,0x0000000022400000)]
  0x000000001a890800 JavaThread "jar transforms Thread 22" [_thread_blocked, id=18632, stack(0x0000000022200000,0x0000000022300000)]
  0x000000001a894800 JavaThread "jar transforms Thread 21" [_thread_blocked, id=10528, stack(0x0000000022100000,0x0000000022200000)]
  0x000000001a893800 JavaThread "jar transforms Thread 20" [_thread_blocked, id=17848, stack(0x0000000022000000,0x0000000022100000)]
  0x000000001a88a000 JavaThread "jar transforms Thread 19" [_thread_blocked, id=21808, stack(0x0000000021f00000,0x0000000022000000)]
  0x000000001a88d000 JavaThread "jar transforms Thread 18" [_thread_blocked, id=21512, stack(0x0000000021e00000,0x0000000021f00000)]
  0x000000001a88a800 JavaThread "jar transforms Thread 17" [_thread_blocked, id=9892, stack(0x0000000021d00000,0x0000000021e00000)]
  0x000000001a88c000 JavaThread "jar transforms Thread 16" [_thread_blocked, id=12928, stack(0x0000000021c00000,0x0000000021d00000)]
  0x000000001a88b800 JavaThread "jar transforms Thread 15" [_thread_blocked, id=20180, stack(0x0000000021b00000,0x0000000021c00000)]
  0x000000001a890000 JavaThread "jar transforms Thread 14" [_thread_blocked, id=10136, stack(0x0000000021a00000,0x0000000021b00000)]
  0x000000001a88d800 JavaThread "jar transforms Thread 13" [_thread_blocked, id=1800, stack(0x0000000021900000,0x0000000021a00000)]
  0x000000001a17b800 JavaThread "jar transforms Thread 12" [_thread_blocked, id=23128, stack(0x0000000021800000,0x0000000021900000)]
  0x000000001a17a800 JavaThread "jar transforms Thread 11" [_thread_blocked, id=20208, stack(0x0000000021700000,0x0000000021800000)]
  0x000000001a175800 JavaThread "jar transforms Thread 10" [_thread_blocked, id=15328, stack(0x0000000021600000,0x0000000021700000)]
  0x000000001a17a000 JavaThread "jar transforms Thread 9" [_thread_blocked, id=23068, stack(0x0000000021500000,0x0000000021600000)]
  0x000000001a179000 JavaThread "jar transforms Thread 8" [_thread_blocked, id=12092, stack(0x0000000021400000,0x0000000021500000)]
  0x000000001a178800 JavaThread "jar transforms Thread 7" [_thread_blocked, id=11284, stack(0x0000000021300000,0x0000000021400000)]
  0x000000001a174800 JavaThread "jar transforms Thread 6" [_thread_blocked, id=17808, stack(0x0000000021200000,0x0000000021300000)]
  0x000000001a174000 JavaThread "jar transforms Thread 5" [_thread_blocked, id=3344, stack(0x0000000021100000,0x0000000021200000)]
  0x000000001a171800 JavaThread "jar transforms Thread 4" [_thread_blocked, id=6308, stack(0x0000000021000000,0x0000000021100000)]
  0x000000001a177800 JavaThread "jar transforms Thread 3" [_thread_blocked, id=7708, stack(0x0000000020f00000,0x0000000021000000)]
  0x000000001a177000 JavaThread "jar transforms Thread 2" [_thread_blocked, id=3724, stack(0x0000000020e00000,0x0000000020f00000)]
  0x000000001a176000 JavaThread "Build operations Thread 4" [_thread_blocked, id=14532, stack(0x0000000020d00000,0x0000000020e00000)]
  0x000000001a16d000 JavaThread "Build operations Thread 3" [_thread_blocked, id=6536, stack(0x0000000020c00000,0x0000000020d00000)]
  0x000000001a16c800 JavaThread "Build operations Thread 2" [_thread_blocked, id=20432, stack(0x0000000020b00000,0x0000000020c00000)]
  0x000000001a171000 JavaThread "Build operations" [_thread_blocked, id=21724, stack(0x00000000206c0000,0x00000000207c0000)]
  0x000000001a173000 JavaThread "Cache worker for Build Output Cleanup Cache (E:\New folder (2)\office\archimat\archi_mat_new\android\.gradle\buildOutputCleanup)" [_thread_blocked, id=23096, stack(0x0000000020800000,0x0000000020900000)]
  0x0000000019bed800 JavaThread "Cache worker for file content cache (C:\Users\Dell\.gradle\caches\6.7\fileContent)" [_thread_blocked, id=14248, stack(0x000000001ffc0000,0x00000000200c0000)]
  0x0000000019bed000 JavaThread "jar transforms" [_thread_blocked, id=11200, stack(0x000000001fec0000,0x000000001ffc0000)]
  0x0000000019bec000 JavaThread "Cache worker for execution history cache (C:\Users\Dell\.gradle\caches\6.7\executionHistory)" [_thread_blocked, id=13604, stack(0x000000001f7c0000,0x000000001f8c0000)]
  0x0000000019bea800 JavaThread "Cache worker for cache directory md-rule (C:\Users\Dell\.gradle\caches\6.7\md-rule)" [_thread_blocked, id=3972, stack(0x000000001f6c0000,0x000000001f7c0000)]
  0x0000000019bea000 JavaThread "Cache worker for cache directory md-supplier (C:\Users\Dell\.gradle\caches\6.7\md-supplier)" [_thread_blocked, id=6896, stack(0x000000001f5c0000,0x000000001f6c0000)]
  0x0000000019bef000 JavaThread "Cache worker for checksums cache (E:\New folder (2)\office\archimat\archi_mat_new\android\.gradle\checksums)" [_thread_blocked, id=11544, stack(0x000000001f2c0000,0x000000001f3c0000)]
  0x0000000019bee800 JavaThread "Cache worker for file hash cache (E:\New folder (2)\office\archimat\archi_mat_new\android\.gradle\6.7\fileHashes)" [_thread_blocked, id=10460, stack(0x000000001f1c0000,0x000000001f2c0000)]
  0x0000000019beb800 JavaThread "Cache worker for journal cache (C:\Users\Dell\.gradle\caches\journal-1)" [_thread_blocked, id=16612, stack(0x000000001e0f0000,0x000000001e1f0000)]
  0x0000000019bf0000 JavaThread "File lock request listener" [_thread_in_native, id=11360, stack(0x000000001cb70000,0x000000001cc70000)]
  0x0000000019be9000 JavaThread "Cache worker for file hash cache (C:\Users\Dell\.gradle\caches\6.7\fileHashes)" [_thread_blocked, id=5392, stack(0x000000001c970000,0x000000001ca70000)]
  0x0000000018507800 JavaThread "Thread-9" [_thread_blocked, id=3016, stack(0x000000001c670000,0x000000001c770000)]
  0x00000000186f8000 JavaThread "Stdin handler" [_thread_blocked, id=11468, stack(0x000000001c570000,0x000000001c670000)]
  0x00000000186f7000 JavaThread "Asynchronous log dispatcher for DefaultDaemonConnection: socket connection from /127.0.0.1:56363 to /127.0.0.1:56364" [_thread_blocked, id=11464, stack(0x000000001c470000,0x000000001c570000)]
  0x00000000186f0800 JavaThread "Daemon worker" [_thread_blocked, id=9160, stack(0x000000001c370000,0x000000001c470000)]
  0x00000000184f4000 JavaThread "Cancel handler" [_thread_blocked, id=12952, stack(0x000000001c270000,0x000000001c370000)]
  0x00000000193ec800 JavaThread "Handler for socket connection from /127.0.0.1:56363 to /127.0.0.1:56364" [_thread_in_native, id=19372, stack(0x000000001c170000,0x000000001c270000)]
  0x0000000019b6a000 JavaThread "Daemon" [_thread_blocked, id=20824, stack(0x000000001be70000,0x000000001bf70000)]
  0x000000001872b000 JavaThread "Daemon periodic checks" [_thread_blocked, id=12432, stack(0x000000001bd70000,0x000000001be70000)]
  0x000000001872a000 JavaThread "Incoming local TCP Connector on port 56363" [_thread_in_native, id=19596, stack(0x000000001bb30000,0x000000001bc30000)]
  0x0000000018d88800 JavaThread "Daemon health stats" [_thread_blocked, id=1880, stack(0x000000001b4f0000,0x000000001b5f0000)]
  0x00000000183e7800 JavaThread "Service Thread" daemon [_thread_blocked, id=20372, stack(0x00000000188e0000,0x00000000189e0000)]
  0x00000000183e3800 JavaThread "C1 CompilerThread2" daemon [_thread_in_native, id=17488, stack(0x00000000187e0000,0x00000000188e0000)]
=>0x0000000016bb9000 JavaThread "C2 CompilerThread1" daemon [_thread_in_native, id=11664, stack(0x00000000182e0000,0x00000000183e0000)]
  0x0000000016b67000 JavaThread "C2 CompilerThread0" daemon [_thread_blocked, id=19728, stack(0x00000000181e0000,0x00000000182e0000)]
  0x0000000016b65000 JavaThread "Attach Listener" daemon [_thread_blocked, id=7392, stack(0x00000000180e0000,0x00000000181e0000)]
  0x0000000016b64000 JavaThread "Signal Dispatcher" daemon [_thread_blocked, id=16776, stack(0x0000000017fe0000,0x00000000180e0000)]
  0x00000000031e6800 JavaThread "Finalizer" daemon [_thread_blocked, id=16820, stack(0x0000000017de0000,0x0000000017ee0000)]
  0x0000000016b49000 JavaThread "Reference Handler" daemon [_thread_blocked, id=10108, stack(0x0000000017ce0000,0x0000000017de0000)]
  0x0000000002fee800 JavaThread "main" [_thread_blocked, id=23388, stack(0x0000000002e10000,0x0000000002f10000)]

Other Threads:
  0x0000000016b28000 VMThread [stack: 0x0000000017be0000,0x0000000017ce0000] [id=11348]
  0x00000000183e8800 WatcherThread [stack: 0x00000000189e0000,0x0000000018ae0000] [id=12628]

VM state:not at safepoint (normal execution)

VM Mutex/Monitor currently owned by a thread: None

heap address: 0x00000000a0000000, size: 1536 MB, Compressed Oops mode: 32-bit
Narrow klass base: 0x0000000000000000, Narrow klass shift: 3
Compressed class space size: 1073741824 Address: 0x0000000100000000

Heap:
 PSYoungGen      total 267264K, used 133233K [0x00000000e0000000, 0x00000000f4000000, 0x0000000100000000)
  eden space 246272K, 45% used [0x00000000e0000000,0x00000000e6da42e0,0x00000000ef080000)
  from space 20992K, 99% used [0x00000000f1080000,0x00000000f24f8490,0x00000000f2500000)
  to   space 32768K, 0% used [0x00000000ef080000,0x00000000ef080000,0x00000000f1080000)
 ParOldGen       total 127488K, used 64113K [0x00000000a0000000, 0x00000000a7c80000, 0x00000000e0000000)
  object space 127488K, 50% used [0x00000000a0000000,0x00000000a3e9c770,0x00000000a7c80000)
 Metaspace       used 70789K, capacity 76112K, committed 76288K, reserved 1114112K
  class space    used 9800K, capacity 10884K, committed 11008K, reserved 1048576K

Card table byte_map: [0x00000000125b0000,0x00000000128c0000] byte_map_base: 0x00000000120b0000

Marking Bits: (ParMarkBitMap*) 0x000000005662f030
 Begin Bits: [0x0000000012ec0000, 0x00000000146c0000)
 End Bits:   [0x00000000146c0000, 0x0000000015ec0000)

Polling page: 0x00000000015d0000

CodeCache: size=245760Kb used=30511Kb max_used=30534Kb free=215248Kb
 bounds [0x00000000031f0000, 0x0000000004ff0000, 0x00000000121f0000]
 total_blobs=10169 nmethods=9375 adapters=706
 compilation: enabled

Compilation events (10 events):
Event: 41.563 Thread 0x00000000183e3800 10481       3       org.gradle.internal.io.LineBufferingOutputStream::endsWithLineSeparator (27 bytes)
Event: 41.563 Thread 0x00000000183e3800 nmethod 10481 0x0000000004fa1dd0 code [0x0000000004fa1f20, 0x0000000004fa2110]
Event: 41.568 Thread 0x0000000016b67000 nmethod 10475 0x0000000004fd00d0 code [0x0000000004fd0240, 0x0000000004fd05e8]
Event: 41.568 Thread 0x0000000016b67000 10478       4       org.gradle.internal.logging.text.AbstractLineChoppingStyledTextOutput$2::execute (73 bytes)
Event: 41.569 Thread 0x0000000016bb9000 nmethod 10477 0x0000000004fcf790 code [0x0000000004fcf900, 0x0000000004fcfc88]
Event: 41.571 Thread 0x0000000016b67000 nmethod 10478 0x0000000004fcf1d0 code [0x0000000004fcf320, 0x0000000004fcf508]
Event: 41.580 Thread 0x0000000016bb9000 10482       4       org.gradle.internal.logging.text.AbstractLineChoppingStyledTextOutput::doAppend (43 bytes)
Event: 41.580 Thread 0x00000000183e3800 10483       3       org.gradle.internal.logging.events.CategorisedOutputEvent::getTimestamp (5 bytes)
Event: 41.580 Thread 0x00000000183e3800 nmethod 10483 0x0000000004fc1290 code [0x0000000004fc13e0, 0x0000000004fc1530]
Event: 41.581 Thread 0x00000000183e3800 10484       3       org.gradle.internal.logging.console.StyledTextOutputBackedRenderer::onOutput (260 bytes)

GC Heap History (10 events):
Event: 20.235 GC heap before
{Heap before GC invocations=13 (full 2):
 PSYoungGen      total 176128K, used 171561K [0x00000000e0000000, 0x00000000eba80000, 0x0000000100000000)
  eden space 163328K, 100% used [0x00000000e0000000,0x00000000e9f80000,0x00000000e9f80000)
  from space 12800K, 64% used [0x00000000eac00000,0x00000000eb40a4c8,0x00000000eb880000)
  to   space 12800K, 0% used [0x00000000e9f80000,0x00000000e9f80000,0x00000000eac00000)
 ParOldGen       total 82944K, used 18742K [0x00000000a0000000, 0x00000000a5100000, 0x00000000e0000000)
  object space 82944K, 22% used [0x00000000a0000000,0x00000000a124d9b0,0x00000000a5100000)
 Metaspace       used 51762K, capacity 53826K, committed 54016K, reserved 1095680K
  class space    used 6893K, capacity 7298K, committed 7424K, reserved 1048576K
Event: 20.264 GC heap after
Heap after GC invocations=13 (full 2):
 PSYoungGen      total 176128K, used 12774K [0x00000000e0000000, 0x00000000eeb80000, 0x0000000100000000)
  eden space 163328K, 0% used [0x00000000e0000000,0x00000000e0000000,0x00000000e9f80000)
  from space 12800K, 99% used [0x00000000e9f80000,0x00000000eabf9ad0,0x00000000eac00000)
  to   space 16896K, 0% used [0x00000000edb00000,0x00000000edb00000,0x00000000eeb80000)
 ParOldGen       total 82944K, used 26290K [0x00000000a0000000, 0x00000000a5100000, 0x00000000e0000000)
  object space 82944K, 31% used [0x00000000a0000000,0x00000000a19ac9e8,0x00000000a5100000)
 Metaspace       used 51762K, capacity 53826K, committed 54016K, reserved 1095680K
  class space    used 6893K, capacity 7298K, committed 7424K, reserved 1048576K
}
Event: 23.449 GC heap before
{Heap before GC invocations=14 (full 2):
 PSYoungGen      total 176128K, used 122007K [0x00000000e0000000, 0x00000000eeb80000, 0x0000000100000000)
  eden space 163328K, 66% used [0x00000000e0000000,0x00000000e6aac1c8,0x00000000e9f80000)
  from space 12800K, 99% used [0x00000000e9f80000,0x00000000eabf9ad0,0x00000000eac00000)
  to   space 16896K, 0% used [0x00000000edb00000,0x00000000edb00000,0x00000000eeb80000)
 ParOldGen       total 82944K, used 26290K [0x00000000a0000000, 0x00000000a5100000, 0x00000000e0000000)
  object space 82944K, 31% used [0x00000000a0000000,0x00000000a19ac9e8,0x00000000a5100000)
 Metaspace       used 56508K, capacity 59044K, committed 59096K, reserved 1099776K
  class space    used 7706K, capacity 8284K, committed 8320K, reserved 1048576K
Event: 23.504 GC heap after
Heap after GC invocations=14 (full 2):
 PSYoungGen      total 224256K, used 10749K [0x00000000e0000000, 0x00000000eec80000, 0x0000000100000000)
  eden space 207360K, 0% used [0x00000000e0000000,0x00000000e0000000,0x00000000eca80000)
  from space 16896K, 63% used [0x00000000edb00000,0x00000000ee57f6b0,0x00000000eeb80000)
  to   space 16896K, 0% used [0x00000000eca80000,0x00000000eca80000,0x00000000edb00000)
 ParOldGen       total 82944K, used 37692K [0x00000000a0000000, 0x00000000a5100000, 0x00000000e0000000)
  object space 82944K, 45% used [0x00000000a0000000,0x00000000a24cf340,0x00000000a5100000)
 Metaspace       used 56508K, capacity 59044K, committed 59096K, reserved 1099776K
  class space    used 7706K, capacity 8284K, committed 8320K, reserved 1048576K
}
Event: 23.504 GC heap before
{Heap before GC invocations=15 (full 3):
 PSYoungGen      total 224256K, used 10749K [0x00000000e0000000, 0x00000000eec80000, 0x0000000100000000)
  eden space 207360K, 0% used [0x00000000e0000000,0x00000000e0000000,0x00000000eca80000)
  from space 16896K, 63% used [0x00000000edb00000,0x00000000ee57f6b0,0x00000000eeb80000)
  to   space 16896K, 0% used [0x00000000eca80000,0x00000000eca80000,0x00000000edb00000)
 ParOldGen       total 82944K, used 37692K [0x00000000a0000000, 0x00000000a5100000, 0x00000000e0000000)
  object space 82944K, 45% used [0x00000000a0000000,0x00000000a24cf340,0x00000000a5100000)
 Metaspace       used 56508K, capacity 59044K, committed 59096K, reserved 1099776K
  class space    used 7706K, capacity 8284K, committed 8320K, reserved 1048576K
Event: 23.775 GC heap after
Heap after GC invocations=15 (full 3):
 PSYoungGen      total 224256K, used 0K [0x00000000e0000000, 0x00000000eec80000, 0x0000000100000000)
  eden space 207360K, 0% used [0x00000000e0000000,0x00000000e0000000,0x00000000eca80000)
  from space 16896K, 0% used [0x00000000edb00000,0x00000000edb00000,0x00000000eeb80000)
  to   space 16896K, 0% used [0x00000000eca80000,0x00000000eca80000,0x00000000edb00000)
 ParOldGen       total 127488K, used 36521K [0x00000000a0000000, 0x00000000a7c80000, 0x00000000e0000000)
  object space 127488K, 28% used [0x00000000a0000000,0x00000000a23aa6a0,0x00000000a7c80000)
 Metaspace       used 56495K, capacity 59002K, committed 59096K, reserved 1099776K
  class space    used 7702K, capacity 8277K, committed 8320K, reserved 1048576K
}
Event: 28.390 GC heap before
{Heap before GC invocations=16 (full 3):
 PSYoungGen      total 224256K, used 207360K [0x00000000e0000000, 0x00000000eec80000, 0x0000000100000000)
  eden space 207360K, 100% used [0x00000000e0000000,0x00000000eca80000,0x00000000eca80000)
  from space 16896K, 0% used [0x00000000edb00000,0x00000000edb00000,0x00000000eeb80000)
  to   space 16896K, 0% used [0x00000000eca80000,0x00000000eca80000,0x00000000edb00000)
 ParOldGen       total 127488K, used 36521K [0x00000000a0000000, 0x00000000a7c80000, 0x00000000e0000000)
  object space 127488K, 28% used [0x00000000a0000000,0x00000000a23aa6a0,0x00000000a7c80000)
 Metaspace       used 62460K, capacity 66138K, committed 66304K, reserved 1105920K
  class space    used 8591K, capacity 9394K, committed 9472K, reserved 1048576K
Event: 28.447 GC heap after
Heap after GC invocations=16 (full 3):
 PSYoungGen      total 224256K, used 16879K [0x00000000e0000000, 0x00000000f2500000, 0x0000000100000000)
  eden space 207360K, 0% used [0x00000000e0000000,0x00000000e0000000,0x00000000eca80000)
  from space 16896K, 99% used [0x00000000eca80000,0x00000000edafbe70,0x00000000edb00000)
  to   space 20992K, 0% used [0x00000000f1080000,0x00000000f1080000,0x00000000f2500000)
 ParOldGen       total 127488K, used 40283K [0x00000000a0000000, 0x00000000a7c80000, 0x00000000e0000000)
  object space 127488K, 31% used [0x00000000a0000000,0x00000000a2756c78,0x00000000a7c80000)
 Metaspace       used 62460K, capacity 66138K, committed 66304K, reserved 1105920K
  class space    used 8591K, capacity 9394K, committed 9472K, reserved 1048576K
}
Event: 35.278 GC heap before
{Heap before GC invocations=17 (full 3):
 PSYoungGen      total 224256K, used 224239K [0x00000000e0000000, 0x00000000f2500000, 0x0000000100000000)
  eden space 207360K, 100% used [0x00000000e0000000,0x00000000eca80000,0x00000000eca80000)
  from space 16896K, 99% used [0x00000000eca80000,0x00000000edafbe70,0x00000000edb00000)
  to   space 20992K, 0% used [0x00000000f1080000,0x00000000f1080000,0x00000000f2500000)
 ParOldGen       total 127488K, used 40283K [0x00000000a0000000, 0x00000000a7c80000, 0x00000000e0000000)
  object space 127488K, 31% used [0x00000000a0000000,0x00000000a2756c78,0x00000000a7c80000)
 Metaspace       used 68556K, capacity 73462K, committed 73728K, reserved 1112064K
  class space    used 9459K, capacity 10482K, committed 10496K, reserved 1048576K
Event: 35.429 GC heap after
Heap after GC invocations=17 (full 3):
 PSYoungGen      total 267264K, used 20961K [0x00000000e0000000, 0x00000000f4000000, 0x0000000100000000)
  eden space 246272K, 0% used [0x00000000e0000000,0x00000000e0000000,0x00000000ef080000)
  from space 20992K, 99% used [0x00000000f1080000,0x00000000f24f8490,0x00000000f2500000)
  to   space 32768K, 0% used [0x00000000ef080000,0x00000000ef080000,0x00000000f1080000)
 ParOldGen       total 127488K, used 64113K [0x00000000a0000000, 0x00000000a7c80000, 0x00000000e0000000)
  object space 127488K, 50% used [0x00000000a0000000,0x00000000a3e9c770,0x00000000a7c80000)
 Metaspace       used 68556K, capacity 73462K, committed 73728K, reserved 1112064K
  class space    used 9459K, capacity 10482K, committed 10496K, reserved 1048576K
}

Deoptimization events (10 events):
Event: 39.150 Thread 0x00000000186f0800 Uncommon trap: reason=class_check action=maybe_recompile pc=0x0000000004f68dd8 method=org.gradle.internal.snapshot.SnapshotUtil.handleChildren(Ljava/util/List;Lorg/gradle/internal/snapshot/VfsRelativePath;Lorg/gradle/internal/snapshot/CaseSensitivity;Lorg
Event: 39.150 Thread 0x00000000186f0800 Uncommon trap: reason=unstable_if action=reinterpret pc=0x0000000004f10d34 method=org.gradle.internal.snapshot.VfsRelativePath.lengthOfCommonPrefix(Ljava/lang/String;Lorg/gradle/internal/snapshot/CaseSensitivity;)I @ 107
Event: 39.151 Thread 0x00000000186f0800 Uncommon trap: reason=unstable_if action=reinterpret pc=0x0000000004f2e068 method=org.gradle.internal.snapshot.AbstractIncompleteSnapshotWithChildren.withReplacedChild(ILorg/gradle/internal/snapshot/FileSystemNode;Lorg/gradle/internal/snapshot/FileSystemN
Event: 39.262 Thread 0x00000000186f0800 Uncommon trap: reason=unstable_if action=reinterpret pc=0x00000000034657a0 method=org.gradle.api.internal.AbstractTask.notifyProjectAccess()V @ 7
Event: 39.290 Thread 0x00000000186f0800 Uncommon trap: reason=null_check action=make_not_entrant pc=0x000000000425784c method=org.gradle.internal.instantiation.generator.AbstractClassGenerator.isPropertyType(Ljava/lang/Class;)Z @ 3
Event: 41.560 Thread 0x000000002a524000 Uncommon trap: reason=bimorphic action=maybe_recompile pc=0x000000000488fb04 method=org.gradle.internal.logging.sink.OutputEventRenderer.onOutput(Lorg/gradle/internal/logging/events/OutputEvent;)V @ 1
Event: 41.561 Thread 0x000000002a524000 Uncommon trap: reason=unstable_if action=reinterpret pc=0x00000000048657b4 method=org.gradle.internal.operations.logging.LoggingBuildOperationProgressBroadcaster.onOutput(Lorg/gradle/internal/logging/events/OutputEvent;)V @ 4
Event: 41.562 Thread 0x000000002a524000 Uncommon trap: reason=bimorphic action=maybe_recompile pc=0x000000000488fb04 method=org.gradle.internal.logging.sink.OutputEventRenderer.onOutput(Lorg/gradle/internal/logging/events/OutputEvent;)V @ 1
Event: 41.562 Thread 0x000000002a524000 Uncommon trap: reason=bimorphic action=maybe_recompile pc=0x000000000488fb04 method=org.gradle.internal.logging.sink.OutputEventRenderer.onOutput(Lorg/gradle/internal/logging/events/OutputEvent;)V @ 1
Event: 41.563 Thread 0x000000002a524000 Uncommon trap: reason=bimorphic action=maybe_recompile pc=0x000000000488fb04 method=org.gradle.internal.logging.sink.OutputEventRenderer.onOutput(Lorg/gradle/internal/logging/events/OutputEvent;)V @ 1

Classes redefined (0 events):
No events

Internal exceptions (10 events):
Event: 39.324 Thread 0x00000000186f0800 Exception <a 'java/lang/ClassNotFoundException': org/gradle/process/internal/DefaultProcessForkOptionsBeanInfo> (0x00000000e64c08c0) thrown at [C:\src\AOSP-openjdk-git\hotspot\src\share\vm\classfile\systemDictionary.cpp, line 210]
Event: 39.326 Thread 0x00000000186f0800 Exception <a 'java/lang/ClassNotFoundException': org/gradle/process/internal/DefaultProcessForkOptionsCustomizer> (0x00000000e65064b0) thrown at [C:\src\AOSP-openjdk-git\hotspot\src\share\vm\classfile\systemDictionary.cpp, line 210]
Event: 39.328 Thread 0x00000000186f0800 Exception <a 'java/lang/ClassNotFoundException': org/gradle/process/internal/AbstractExecHandleBuilderCustomizer> (0x00000000e655ebe0) thrown at [C:\src\AOSP-openjdk-git\hotspot\src\share\vm\classfile\systemDictionary.cpp, line 210]
Event: 39.329 Thread 0x00000000186f0800 Exception <a 'java/lang/ClassNotFoundException': org/gradle/process/internal/DefaultExecHandleBuilderCustomizer> (0x00000000e65ba690) thrown at [C:\src\AOSP-openjdk-git\hotspot\src\share\vm\classfile\systemDictionary.cpp, line 210]
Event: 39.332 Thread 0x00000000186f0800 Exception <a 'java/lang/ClassNotFoundException': org/gradle/process/internal/DefaultExecActionCustomizer> (0x00000000e6638f20) thrown at [C:\src\AOSP-openjdk-git\hotspot\src\share\vm\classfile\systemDictionary.cpp, line 210]
Event: 39.337 Thread 0x00000000186f0800 Exception <a 'java/lang/ClassNotFoundException': org/gradle/process/internal/DefaultExecAction_DecoratedCustomizer> (0x00000000e668b130) thrown at [C:\src\AOSP-openjdk-git\hotspot\src\share\vm\classfile\systemDictionary.cpp, line 210]
Event: 39.345 Thread 0x00000000186f0800 Exception <a 'java/lang/ClassNotFoundException': org/gradle/api/logging/LogLevelBeanInfo> (0x00000000e66f5500) thrown at [C:\src\AOSP-openjdk-git\hotspot\src\share\vm\classfile\systemDictionary.cpp, line 210]
Event: 39.348 Thread 0x00000000186f0800 Exception <a 'java/lang/ClassNotFoundException': org/gradle/api/logging/LogLevelCustomizer> (0x00000000e672aab8) thrown at [C:\src\AOSP-openjdk-git\hotspot\src\share\vm\classfile\systemDictionary.cpp, line 210]
Event: 39.374 Thread 0x00000000186f0800 Exception <a 'java/lang/ClassNotFoundException': org/gradle/internal/logging/compatbridge/LoggingManagerInternalCompatibilityBridgeBeanInfo> (0x00000000e67c4520) thrown at [C:\src\AOSP-openjdk-git\hotspot\src\share\vm\classfile\systemDictionary.cpp, line 
Event: 39.375 Thread 0x00000000186f0800 Exception <a 'java/lang/ClassNotFoundException': org/gradle/internal/logging/compatbridge/LoggingManagerInternalCompatibilityBridgeCustomizer> (0x00000000e681e720) thrown at [C:\src\AOSP-openjdk-git\hotspot\src\share\vm\classfile\systemDictionary.cpp, lin

Events (10 events):
Event: 41.561 Thread 0x000000002a524000 DEOPT UNPACKING pc=0x000000000323557b sp=0x000000002d5debe8 mode 2
Event: 41.562 Thread 0x000000002a524000 Uncommon trap: trap_request=0xffffffc6 fr.pc=0x000000000488fb04
Event: 41.562 Thread 0x000000002a524000 DEOPT PACKING pc=0x000000000488fb04 sp=0x000000002d5deb40
Event: 41.562 Thread 0x000000002a524000 DEOPT UNPACKING pc=0x000000000323557b sp=0x000000002d5deb00 mode 2
Event: 41.562 Thread 0x000000002a524000 Uncommon trap: trap_request=0xffffffc6 fr.pc=0x000000000488fb04
Event: 41.562 Thread 0x000000002a524000 DEOPT PACKING pc=0x000000000488fb04 sp=0x000000002d5deb40
Event: 41.562 Thread 0x000000002a524000 DEOPT UNPACKING pc=0x000000000323557b sp=0x000000002d5deb00 mode 2
Event: 41.563 Thread 0x000000002a524000 Uncommon trap: trap_request=0xffffffc6 fr.pc=0x000000000488fb04
Event: 41.563 Thread 0x000000002a524000 DEOPT PACKING pc=0x000000000488fb04 sp=0x000000002d5deb40
Event: 41.563 Thread 0x000000002a524000 DEOPT UNPACKING pc=0x000000000323557b sp=0x000000002d5deb00 mode 2


Dynamic libraries:
0x00007ff70ed90000 - 0x00007ff70edc1000 	C:\Program Files\Android\Android Studio\jre\bin\java.exe
0x00007fff27b70000 - 0x00007fff27d65000 	C:\WINDOWS\SYSTEM32\ntdll.dll
0x00007fff263a0000 - 0x00007fff2645d000 	C:\WINDOWS\System32\KERNEL32.DLL
0x00007fff25600000 - 0x00007fff258c9000 	C:\WINDOWS\System32\KERNELBASE.dll
0x00007fff27490000 - 0x00007fff2753c000 	C:\WINDOWS\System32\ADVAPI32.dll
0x00007fff25be0000 - 0x00007fff25c7e000 	C:\WINDOWS\System32\msvcrt.dll
0x00007fff27200000 - 0x00007fff2729b000 	C:\WINDOWS\System32\sechost.dll
0x00007fff270c0000 - 0x00007fff271ea000 	C:\WINDOWS\System32\RPCRT4.dll
0x00007fff26460000 - 0x00007fff26600000 	C:\WINDOWS\System32\USER32.dll
0x00007fff25410000 - 0x00007fff25432000 	C:\WINDOWS\System32\win32u.dll
0x00007fff272a0000 - 0x00007fff272ca000 	C:\WINDOWS\System32\GDI32.dll
0x00007fff254f0000 - 0x00007fff255fb000 	C:\WINDOWS\System32\gdi32full.dll
0x00007fff25b40000 - 0x00007fff25bdd000 	C:\WINDOWS\System32\msvcp_win.dll
0x00007fff25310000 - 0x00007fff25410000 	C:\WINDOWS\System32\ucrtbase.dll
0x00007fff173b0000 - 0x00007fff1764a000 	C:\WINDOWS\WinSxS\amd64_microsoft.windows.common-controls_6595b64144ccf1df_6.0.19041.1110_none_60b5254171f9507e\COMCTL32.dll
0x00007fff276b0000 - 0x00007fff276e0000 	C:\WINDOWS\System32\IMM32.DLL
0x00000000566b0000 - 0x0000000056782000 	C:\Program Files\Android\Android Studio\jre\jre\bin\msvcr100.dll
0x0000000055e60000 - 0x00000000566ab000 	C:\Program Files\Android\Android Studio\jre\jre\bin\server\jvm.dll
0x00007fff27680000 - 0x00007fff27688000 	C:\WINDOWS\System32\PSAPI.DLL
0x00007fff1d370000 - 0x00007fff1d379000 	C:\WINDOWS\SYSTEM32\WSOCK32.dll
0x00007fff262b0000 - 0x00007fff2631b000 	C:\WINDOWS\System32\WS2_32.dll
0x00007fff176a0000 - 0x00007fff176c7000 	C:\WINDOWS\SYSTEM32\WINMM.dll
0x00007fff22e40000 - 0x00007fff22e4a000 	C:\WINDOWS\SYSTEM32\VERSION.dll
0x00007fff1d360000 - 0x00007fff1d36f000 	C:\Program Files\Android\Android Studio\jre\jre\bin\verify.dll
0x00007fff1d330000 - 0x00007fff1d359000 	C:\Program Files\Android\Android Studio\jre\jre\bin\java.dll
0x00007fff1d310000 - 0x00007fff1d326000 	C:\Program Files\Android\Android Studio\jre\jre\bin\zip.dll
0x00007fff26780000 - 0x00007fff26ebf000 	C:\WINDOWS\System32\SHELL32.dll
0x00007fff23390000 - 0x00007fff23b21000 	C:\WINDOWS\SYSTEM32\windows.storage.dll
0x00007fff27740000 - 0x00007fff27a95000 	C:\WINDOWS\System32\combase.dll
0x00007fff24d20000 - 0x00007fff24d4c000 	C:\WINDOWS\SYSTEM32\Wldp.dll
0x00007fff273e0000 - 0x00007fff2748e000 	C:\WINDOWS\System32\SHCORE.dll
0x00007fff27380000 - 0x00007fff273d5000 	C:\WINDOWS\System32\shlwapi.dll
0x00007fff251f0000 - 0x00007fff2520f000 	C:\WINDOWS\SYSTEM32\profapi.dll
0x00007fff1d2f0000 - 0x00007fff1d30a000 	C:\Program Files\Android\Android Studio\jre\jre\bin\net.dll
0x00007fff24a80000 - 0x00007fff24aea000 	C:\WINDOWS\system32\mswsock.dll
0x00007fff1d2d0000 - 0x00007fff1d2e3000 	C:\Program Files\Android\Android Studio\jre\jre\bin\nio.dll
0x00007fff1d2a0000 - 0x00007fff1d2c6000 	C:\Users\Dell\.gradle\native\fdc75f09e3144964f2cf3f50f0aa648679c211496f362492102eb8c894070792\windows-amd64\native-platform.dll
0x00007ffecc240000 - 0x00007ffecc3d1000 	C:\Users\Dell\.gradle\native\12488b8bf47d2d4c9fbf2f6322a914ad602e24e48041cd04a747c6da556b65c4\windows-amd64\native-platform-file-events.dll
0x00007fff1d290000 - 0x00007fff1d29d000 	C:\Program Files\Android\Android Studio\jre\jre\bin\management.dll
0x00007fff24c60000 - 0x00007fff24c78000 	C:\WINDOWS\SYSTEM32\CRYPTSP.dll
0x00007fff243b0000 - 0x00007fff243e4000 	C:\WINDOWS\system32\rsaenh.dll
0x00007fff25b10000 - 0x00007fff25b37000 	C:\WINDOWS\System32\bcrypt.dll
0x00007fff251b0000 - 0x00007fff251de000 	C:\WINDOWS\SYSTEM32\USERENV.dll
0x00007fff25a80000 - 0x00007fff25b03000 	C:\WINDOWS\System32\bcryptprimitives.dll
0x00007fff24c80000 - 0x00007fff24c8c000 	C:\WINDOWS\SYSTEM32\CRYPTBASE.dll
0x00007fff24720000 - 0x00007fff2475b000 	C:\WINDOWS\SYSTEM32\IPHLPAPI.DLL
0x00007fff262a0000 - 0x00007fff262a8000 	C:\WINDOWS\System32\NSI.dll
0x00007fff1daa0000 - 0x00007fff1dab7000 	C:\WINDOWS\SYSTEM32\dhcpcsvc6.DLL
0x00007fff1da80000 - 0x00007fff1da9d000 	C:\WINDOWS\SYSTEM32\dhcpcsvc.DLL
0x00007fff24770000 - 0x00007fff2483c000 	C:\WINDOWS\SYSTEM32\DNSAPI.dll
0x00007fff1e080000 - 0x00007fff1e08b000 	C:\WINDOWS\SYSTEM32\WINNSI.DLL

VM Arguments:
jvm_args: -Xmx1536M -Dfile.encoding=windows-1252 -Duser.country=US -Duser.language=en -Duser.variant 
java_command: org.gradle.launcher.daemon.bootstrap.GradleDaemon 6.7
java_class_path (initial): C:\Users\Dell\.gradle\wrapper\dists\gradle-6.7-all\cuy9mc7upwgwgeb72wkcrupxe\gradle-6.7\lib\gradle-launcher-6.7.jar
Launcher Type: SUN_STANDARD

Environment Variables:
JAVA_HOME=C:\Program Files\Android\Android Studio\jre
CLASSPATH=E:\New folder (2)\office\archimat\archi_mat_new\android\\gradle\wrapper\gradle-wrapper.jar
PATH=C:\Program Files (x86)\Common Files\Oracle\Java\javapath;C:\WINDOWS\system32;C:\WINDOWS;C:\WINDOWS\System32\Wbem;C:\WINDOWS\System32\WindowsPowerShell\v1.0\;C:\WINDOWS\System32\OpenSSH\;C:\Program Files (x86)\Bitvise SSH Client;C:\ProgramData\ComposerSetup\bin;C:\Program Files\Java\jdk\bin;C:\Program Files\Java\jre\bin;C:\Program Files\Git\cmd;C:\Program Files\nodejs\;C:\Users\Dell\AppData\Local\Microsoft\WindowsApps;C:\Users\Dell\AppData\Local\Programs\Microsoft VS Code\bin;C:\flutter\bin;C:\Users\Dell\AppData\Local\GitHubDesktop\bin;C:\Program Files\Java\jdk\bin;C:\xampp1\php;C:\Users\Dell\AppData\Roaming\Composer\vendor\bin;C:\Users\Dell\AppData\Roaming\npm
USERNAME=Dell
OS=Windows_NT
PROCESSOR_IDENTIFIER=Intel64 Family 6 Model 60 Stepping 3, GenuineIntel



---------------  S Y S T E M  ---------------

OS: Windows 10.0 , 64 bit Build 19041 (10.0.19041.1023)

CPU:total 4 (initial active 4) (2 cores per cpu, 2 threads per core) family 6 model 60 stepping 3, cmov, cx8, fxsr, mmx, sse, sse2, sse3, ssse3, sse4.1, sse4.2, popcnt, avx, avx2, aes, clmul, erms, lzcnt, ht, tsc, tscinvbit, bmi1, bmi2

Memory: 4k page, physical 8291768k(136692k free), swap 23782780k(0k free)

vm_info: OpenJDK 64-Bit Server VM (25.242-b01) for windows-amd64 JRE (1.8.0_242-release-1644-b01), built by "builder" with MS VC++ 10.0 (VS2010)

time: Wed Aug 11 15:59:08 2021
timezone: Pakistan Standard Time
elapsed time: 41 seconds (0d 0h 0m 41s)

