JvmtiExport can_access_local_variables 0
JvmtiExport can_hotswap_or_post_breakpoint 0
JvmtiExport can_post_on_exceptions 0
# 180 ciObject found
ciMethod java/lang/Object <init> ()V 4097 1 2657799 0 0
ciMethod java/lang/String <init> ([CII)V 2233 1 5523 0 704
ciMethod java/lang/String length ()I 3073 1 709760 0 0
ciMethod java/lang/String charAt (I)C 4097 1 2153225 0 128
ciMethod java/lang/String equals (Ljava/lang/Object;)Z 2081 12393 2399 0 -1
ciMethod java/lang/String substring (II)Ljava/lang/String; 2057 1 5421 0 992
ciMethod java/lang/System arraycopy (Ljava/lang/Object;ILjava/lang/Object;II)V 4097 1 512 0 -1
ciMethod java/lang/Math min (II)I 2969 1 184483 0 -1
ciMethod java/util/Arrays copyOfRange ([CII)[C 2457 1 5457 0 512
ciMethodData java/lang/Object <init> ()V 2 2657799 orig 264 88 29 65 86 0 0 0 0 128 4 28 22 0 0 0 0 32 1 0 0 0 0 0 0 0 0 0 0 0 0 0 0 0 0 0 0 0 0 0 0 0 0 0 0 0 0 0 0 0 0 0 0 0 0 0 0 0 0 0 0 0 0 0 0 0 0 0 0 0 0 0 0 0 0 0 0 0 0 0 0 77 68 79 32 101 120 116 114 97 32 100 97 116 97 32 108 111 99 107 0 0 0 0 0 0 0 0 0 0 0 0 0 0 0 0 0 0 0 0 0 0 0 0 0 0 0 0 0 0 0 0 0 0 0 0 0 0 0 0 0 0 0 0 0 0 0 0 0 0 0 0 0 0 0 0 0 0 0 0 0 0 0 0 0 0 0 0 0 0 0 0 0 0 0 0 0 0 0 0 0 0 0 0 0 1 0 0 0 0 0 0 0 1 0 0 0 0 0 0 0 1 0 0 0 0 0 0 0 0 0 0 0 0 0 0 0 0 2 0 0 57 96 68 1 1 0 0 0 0 0 0 0 0 0 0 0 2 0 0 0 0 0 3 0 1 0 0 0 0 0 0 0 255 255 255 255 0 0 0 0 0 0 0 0 data 0 oops 0
ciMethodData java/lang/String charAt (I)C 2 2153225 orig 264 88 29 65 86 0 0 0 0 176 61 28 22 0 0 0 0 120 1 0 0 32 0 0 0 0 0 0 0 0 0 0 0 0 0 0 0 0 0 0 0 0 0 0 0 0 0 0 0 0 0 0 0 0 0 0 0 0 0 0 0 0 0 0 0 0 0 0 0 0 0 0 0 0 0 0 0 0 0 0 0 77 68 79 32 101 120 116 114 97 32 100 97 116 97 32 108 111 99 107 0 0 0 0 0 0 0 0 0 0 0 0 0 0 0 0 0 0 0 0 0 0 0 0 0 0 0 0 0 0 0 0 0 0 0 0 0 0 0 0 0 0 0 0 0 0 0 0 0 0 0 0 0 0 0 0 0 0 0 0 0 0 0 0 1 0 0 0 0 0 0 0 0 0 0 0 0 0 0 0 0 0 0 0 0 25 0 0 0 0 0 0 0 0 0 0 0 0 0 0 0 1 0 0 0 0 0 0 0 0 0 0 0 0 0 0 0 0 2 0 0 73 200 6 1 1 0 0 0 0 0 0 0 0 0 0 0 2 0 0 0 0 0 8 0 2 0 0 0 80 0 0 0 255 255 255 255 7 0 1 0 0 0 0 0 data 10 0x10007 0x0 0x40 0x20d90b 0xa0007 0x20d90e 0x30 0x0 0x120002 0x0 oops 0
ciMethodData java/lang/String length ()I 2 709760 orig 264 88 29 65 86 0 0 0 0 96 60 28 22 0 0 0 0 32 1 0 0 0 0 0 0 0 0 0 0 0 0 0 0 0 0 0 0 0 0 0 0 0 0 0 0 0 0 0 0 0 0 0 0 0 0 0 0 0 0 0 0 0 0 0 0 0 0 0 0 0 0 0 0 0 0 0 0 0 0 0 0 77 68 79 32 101 120 116 114 97 32 100 97 116 97 32 108 111 99 107 0 0 0 0 0 0 0 0 0 0 0 0 0 0 0 0 0 0 0 0 0 0 0 0 0 0 0 0 0 0 0 0 0 0 0 0 0 0 0 0 0 0 0 0 0 0 0 0 0 0 0 0 0 0 0 0 0 0 0 0 0 0 0 0 0 0 0 0 0 0 0 0 0 0 0 0 0 0 0 0 0 0 0 0 0 1 0 0 0 0 0 0 0 0 0 0 0 0 0 0 0 1 0 0 0 0 0 0 0 0 0 0 0 0 0 0 0 128 1 0 0 1 152 86 0 1 0 0 0 0 0 0 0 0 0 0 0 2 0 0 0 0 0 3 0 1 0 0 0 0 0 0 0 255 255 255 255 0 0 0 0 0 0 0 0 data 0 oops 0
ciMethodData java/lang/String <init> ([CII)V 2 5523 orig 264 88 29 65 86 0 0 0 0 160 49 28 22 0 0 0 0 80 2 0 0 208 0 0 0 0 0 0 0 0 0 0 0 0 0 0 0 0 0 0 0 0 0 0 0 0 0 0 0 0 0 0 0 0 0 0 0 0 0 0 0 0 0 0 0 0 0 0 0 0 0 0 0 0 0 0 0 0 0 0 0 77 68 79 32 101 120 116 114 97 32 100 97 116 97 32 108 111 99 107 0 0 0 0 0 0 0 0 0 0 0 0 0 0 0 0 0 0 0 0 0 0 0 0 0 0 0 0 0 0 0 0 0 0 0 0 0 0 0 0 0 0 0 0 0 0 0 0 0 0 0 0 0 0 0 0 0 0 0 0 0 0 0 0 0 0 0 0 0 0 0 0 0 0 0 0 0 0 0 0 0 0 0 0 0 25 0 0 0 0 0 0 0 0 0 0 0 0 0 0 0 1 0 0 0 0 0 0 0 0 0 0 0 0 0 0 0 23 1 0 0 225 163 0 0 1 0 0 0 0 0 0 0 0 0 0 0 2 0 0 0 0 0 14 0 2 0 0 0 240 0 0 0 255 255 255 255 2 0 1 0 0 0 0 0 data 30 0x10002 0x147c 0x50007 0x147c 0x30 0x0 0xd0002 0x0 0x120007 0x1476 0x70 0x6 0x160007 0x6 0x30 0x0 0x1e0002 0x0 0x250007 0x0 0x20 0x6 0x370007 0x1476 0x30 0x0 0x410002 0x0 0x4b0002 0x1476 oops 0
ciMethodData java/util/Arrays copyOfRange ([CII)[C 2 5457 orig 264 88 29 65 86 0 0 0 0 8 67 46 22 0 0 0 0 120 2 0 0 240 0 0 0 0 0 0 0 0 0 0 0 0 0 0 0 0 0 0 0 0 0 0 0 0 0 0 0 0 0 0 0 0 0 0 0 0 0 0 0 0 0 0 0 0 0 0 0 0 0 0 0 0 0 0 0 0 0 0 0 77 68 79 32 101 120 116 114 97 32 100 97 116 97 32 108 111 99 107 0 0 0 0 0 0 0 0 0 0 0 0 0 0 0 0 0 0 0 0 0 0 0 0 0 0 0 0 0 0 0 0 0 0 0 0 0 0 0 0 0 0 0 0 0 0 0 0 0 0 0 0 0 0 0 0 0 0 0 0 0 0 0 0 0 0 0 0 0 0 0 0 0 0 0 0 0 0 0 0 0 0 0 0 0 29 0 0 0 0 0 0 0 0 0 0 0 0 0 0 0 0 0 0 0 0 0 0 0 0 0 0 0 0 0 0 0 51 1 0 0 241 160 0 0 1 0 0 0 0 0 0 0 0 0 0 0 2 0 0 0 0 0 9 0 2 0 0 0 32 1 0 0 255 255 255 255 7 0 5 0 0 0 0 0 data 36 0x50007 0x141e 0x100 0x0 0x100002 0x0 0x140005 0x0 0x0 0x0 0x0 0x0 0x190005 0x0 0x0 0x0 0x0 0x0 0x1d0005 0x0 0x0 0x0 0x0 0x0 0x200005 0x0 0x0 0x0 0x0 0x0 0x230002 0x0 0x360002 0x141e 0x390002 0x141e oops 0
ciMethodData java/lang/String substring (II)Ljava/lang/String; 2 5421 orig 264 88 29 65 86 0 0 0 0 184 92 28 22 0 0 0 0 40 2 0 0 208 0 0 0 0 0 0 0 0 0 0 0 0 0 0 0 0 0 0 0 0 0 0 0 0 0 0 0 0 0 0 0 0 0 0 0 0 0 0 0 0 0 0 0 0 0 0 0 0 0 0 0 0 0 0 0 0 0 0 0 77 68 79 32 101 120 116 114 97 32 100 97 116 97 32 108 111 99 107 0 0 0 0 0 0 0 0 0 0 0 0 0 0 0 0 0 0 0 0 0 0 0 0 0 0 0 0 0 0 0 0 0 0 0 0 0 0 0 0 0 0 0 0 0 0 0 0 0 0 0 0 0 0 0 0 0 0 0 0 0 0 0 0 0 0 0 0 0 0 0 0 0 0 0 0 0 0 0 0 0 0 0 0 0 25 0 0 0 0 0 0 0 0 0 0 0 0 0 0 0 0 0 0 0 0 0 0 0 0 0 0 0 0 0 0 0 1 1 0 0 97 161 0 0 1 0 0 0 0 0 0 0 0 0 0 0 2 0 0 0 0 0 15 0 2 0 0 0 248 0 0 0 255 255 255 255 7 0 1 0 0 0 0 0 data 31 0x10007 0x142c 0x30 0x0 0x90002 0x0 0x130007 0x142c 0x30 0x0 0x1b0002 0x0 0x240007 0x142c 0x30 0x0 0x2c0002 0x0 0x310007 0x70f 0x58 0xd1d 0x3a0007 0xba6 0x38 0x177 0x3e0003 0x177 0x28 0x4b0002 0x12b5 oops 0
ciMethod org/gradle/api/Action execute (Ljava/lang/Object;)V 0 0 1 0 -1
ciMethod org/gradle/internal/logging/text/StyledTextOutput text (Ljava/lang/Object;)Lorg/gradle/internal/logging/text/StyledTextOutput; 0 0 1 0 -1
ciMethod org/gradle/internal/logging/console/StyledTextOutputBackedRenderer$OutputEventTextOutputImpl doLineText (Ljava/lang/CharSequence;)V 3081 1 791 0 0
ciMethod org/gradle/internal/logging/text/AbstractLineChoppingStyledTextOutput doAppend (Ljava/lang/String;)V 1025 22353 896 0 -1
ciMethod org/gradle/internal/logging/text/AbstractLineChoppingStyledTextOutput doLineText (Ljava/lang/CharSequence;)V 0 0 1 0 -1
ciMethod org/gradle/internal/logging/text/AbstractLineChoppingStyledTextOutput access$100 (Lorg/gradle/internal/logging/text/AbstractLineChoppingStyledTextOutput;)I 1089 1 136 0 0
ciMethod org/gradle/internal/logging/text/AbstractLineChoppingStyledTextOutput access$200 (Lorg/gradle/internal/logging/text/AbstractLineChoppingStyledTextOutput;)[C 1097 1 137 0 0
ciMethod org/gradle/internal/logging/text/AbstractLineChoppingStyledTextOutput access$300 (Lorg/gradle/internal/logging/text/AbstractLineChoppingStyledTextOutput;)Ljava/lang/String; 1113 1 139 0 0
ciMethod org/gradle/internal/logging/text/AbstractLineChoppingStyledTextOutput access$402 (Lorg/gradle/internal/logging/text/AbstractLineChoppingStyledTextOutput;Lorg/gradle/internal/logging/text/AbstractLineChoppingStyledTextOutput$State;)Lorg/gradle/internal/logging/text/AbstractLineChoppingStyledTextOutput$State; 2185 1 6101 0 0
ciMethod org/gradle/internal/logging/text/AbstractLineChoppingStyledTextOutput access$700 ()Lorg/gradle/internal/logging/text/AbstractLineChoppingStyledTextOutput$State; 17 1 128 0 -1
ciMethod org/gradle/internal/logging/text/AbstractLineChoppingStyledTextOutput access$800 ()Lorg/gradle/internal/logging/text/AbstractLineChoppingStyledTextOutput$State; 3073 1 5879 0 0
ciMethod org/gradle/internal/logging/text/AbstractLineChoppingStyledTextOutput access$900 ()Lorg/gradle/internal/logging/text/AbstractLineChoppingStyledTextOutput$State; 3401 1 5935 0 0
ciMethod org/gradle/internal/logging/text/AbstractLineChoppingStyledTextOutput access$1000 ()Lorg/gradle/internal/logging/text/AbstractLineChoppingStyledTextOutput$State; 17 1 38 0 0
ciMethod org/gradle/internal/logging/text/AbstractLineChoppingStyledTextOutput$1 execute (Lorg/gradle/internal/logging/text/AbstractLineChoppingStyledTextOutput$StateContext;)V 3065 1 5879 0 832
ciMethod org/gradle/internal/logging/text/AbstractLineChoppingStyledTextOutput$1 execute (Ljava/lang/Object;)V 3073 1 7321 0 864
ciMethod org/gradle/internal/logging/text/AbstractLineChoppingStyledTextOutput$2 execute (Lorg/gradle/internal/logging/text/AbstractLineChoppingStyledTextOutput$StateContext;)V 3401 1 5846 0 416
ciMethod org/gradle/internal/logging/text/AbstractLineChoppingStyledTextOutput$2 execute (Ljava/lang/Object;)V 3401 1 5879 0 0
ciMethod org/gradle/internal/logging/text/AbstractLineChoppingStyledTextOutput$StateContext <init> (Lorg/gradle/internal/logging/text/AbstractLineChoppingStyledTextOutput;Ljava/lang/String;)V 1025 1 896 0 0
ciMethod org/gradle/internal/logging/text/AbstractLineChoppingStyledTextOutput$StateContext next ()V 3393 1 5652 0 0
ciMethod org/gradle/internal/logging/text/AbstractLineChoppingStyledTextOutput$StateContext next (I)V 17 1 128 0 -1
ciMethod org/gradle/internal/logging/text/AbstractLineChoppingStyledTextOutput$StateContext isCurrentCharEquals (C)Z 3073 1 6144 0 192
ciMethod org/gradle/internal/logging/text/AbstractLineChoppingStyledTextOutput$StateContext hasChar ()Z 2169 1 20574 0 0
ciMethod org/gradle/internal/logging/text/AbstractLineChoppingStyledTextOutput$StateContext setState (Lorg/gradle/internal/logging/text/AbstractLineChoppingStyledTextOutput$State;)V 2185 1 6101 0 0
ciMethod org/gradle/internal/logging/text/AbstractLineChoppingStyledTextOutput$StateContext reset ()V 17 1 128 0 -1
ciMethod org/gradle/internal/logging/text/AbstractLineChoppingStyledTextOutput$StateContext flushLineText ()V 145 1 1024 0 0
ciMethod org/gradle/internal/logging/text/AbstractLineChoppingStyledTextOutput$StateContext flushEndLine (Ljava/lang/String;)V 17 1 128 0 -1
ciMethod org/gradle/internal/logging/text/AbstractLineChoppingStyledTextOutput$StateContext access$000 (Lorg/gradle/internal/logging/text/AbstractLineChoppingStyledTextOutput$StateContext;)I 1401 1 175 0 0
ciMethod org/gradle/internal/logging/text/AbstractLineChoppingStyledTextOutput$StateContext access$500 (Lorg/gradle/internal/logging/text/AbstractLineChoppingStyledTextOutput$StateContext;)[C 1041 1 130 0 0
ciMethod org/gradle/internal/logging/text/AbstractLineChoppingStyledTextOutput$StateContext access$600 (Lorg/gradle/internal/logging/text/AbstractLineChoppingStyledTextOutput$StateContext;)Ljava/lang/String; 1185 1 148 0 0
ciMethod org/gradle/internal/logging/text/AbstractLineChoppingStyledTextOutput$StateContext access$008 (Lorg/gradle/internal/logging/text/AbstractLineChoppingStyledTextOutput$StateContext;)I 17 1 128 0 0
ciMethodData org/gradle/internal/logging/text/AbstractLineChoppingStyledTextOutput$StateContext isCurrentCharEquals (C)Z 2 6144 orig 264 88 29 65 86 0 0 0 0 56 74 141 22 0 0 0 0 0 2 0 0 72 0 0 0 0 0 0 0 0 0 0 0 0 0 0 0 0 0 0 0 0 0 0 0 0 0 0 0 0 0 0 0 0 0 0 0 0 0 0 0 0 0 0 0 0 0 0 0 0 0 0 0 0 0 0 0 0 0 0 0 77 68 79 32 101 120 116 114 97 32 100 97 116 97 32 108 111 99 107 0 0 0 0 0 0 0 0 0 0 0 0 0 0 0 0 0 0 0 0 0 0 0 0 0 0 0 0 0 0 0 0 0 0 0 0 0 0 0 0 0 0 0 0 0 0 0 0 0 0 0 0 0 0 0 0 0 0 0 0 0 0 0 0 0 0 0 0 0 0 0 0 0 0 0 0 0 0 0 0 0 0 0 0 0 0 0 0 0 0 0 0 0 0 0 0 0 0 0 0 0 0 0 0 0 0 0 0 0 0 0 0 0 0 0 0 0 128 1 0 0 1 180 0 0 1 0 0 0 0 0 0 0 0 0 0 0 2 0 0 0 0 0 15 0 2 0 0 0 176 0 0 0 255 255 255 255 7 0 9 0 0 0 0 0 data 22 0x90007 0x1680 0x48 0x0 0x180002 0x0 0x1e0003 0x0 0x48 0x2e0005 0x60 0x30fab50 0x1620 0x0 0x0 0x340007 0x165c 0x38 0x24 0x380003 0x24 0x18 oops 1 11 java/lang/String
ciMethodData org/gradle/internal/logging/text/AbstractLineChoppingStyledTextOutput$StateContext hasChar ()Z 2 20576 orig 264 88 29 65 86 0 0 0 0 8 75 141 22 0 0 0 0 88 1 0 0 0 0 0 0 0 0 0 0 0 0 0 0 0 0 0 0 0 0 0 0 0 0 0 0 0 0 0 0 0 0 0 0 0 0 0 0 0 0 0 0 0 0 0 0 0 0 0 0 0 0 0 0 0 0 0 0 0 0 0 0 77 68 79 32 101 120 116 114 97 32 100 97 116 97 32 108 111 99 107 0 0 0 0 0 0 0 0 0 0 0 0 0 0 0 0 0 0 0 0 0 0 0 0 0 0 0 0 0 0 0 0 0 0 0 0 0 0 0 0 0 0 0 0 0 0 0 0 0 0 0 0 0 0 0 0 0 0 0 0 0 0 0 0 0 0 0 0 0 0 0 0 0 0 0 0 0 0 0 0 0 0 0 0 0 0 0 0 0 0 0 0 0 0 0 0 0 0 0 0 0 0 0 0 0 0 0 0 0 0 0 0 0 0 0 0 0 11 1 0 0 137 122 2 0 1 0 0 0 0 0 0 0 0 0 0 0 2 0 0 0 0 0 6 0 2 0 0 0 56 0 0 0 255 255 255 255 7 0 13 0 0 0 0 0 data 7 0xd0007 0x379 0x38 0x4bd8 0x110003 0x4bd8 0x18 oops 0
ciMethodData org/gradle/internal/logging/text/AbstractLineChoppingStyledTextOutput$StateContext setState (Lorg/gradle/internal/logging/text/AbstractLineChoppingStyledTextOutput$State;)V 2 6101 orig 264 88 29 65 86 0 0 0 0 216 75 141 22 0 0 0 0 96 1 0 0 0 0 0 0 0 0 0 0 0 0 0 0 0 0 0 0 0 0 0 0 0 0 0 0 0 0 0 0 0 0 0 0 0 0 0 0 0 0 0 0 0 0 0 0 0 0 0 0 0 0 0 0 0 0 0 0 0 0 0 0 77 68 79 32 101 120 116 114 97 32 100 97 116 97 32 108 111 99 107 0 0 0 0 0 0 0 0 0 0 0 0 0 0 0 0 0 0 0 0 0 0 0 0 0 0 0 0 0 0 0 0 0 0 0 0 0 0 0 0 0 0 0 0 0 0 0 0 0 0 0 0 0 0 0 0 0 0 0 0 0 0 0 0 0 0 0 0 0 0 0 0 0 0 0 0 0 0 0 0 0 0 0 0 0 0 0 0 0 0 0 0 0 0 0 0 0 0 0 0 0 0 0 0 0 0 0 0 0 0 0 0 0 0 0 0 0 17 1 0 0 33 182 0 0 1 0 0 0 0 0 0 0 0 0 0 0 2 0 0 0 0 0 3 0 2 0 0 0 16 0 0 0 255 255 255 255 2 0 5 0 0 0 0 0 data 2 0x50002 0x16c4 oops 0
ciMethodData org/gradle/internal/logging/text/AbstractLineChoppingStyledTextOutput access$402 (Lorg/gradle/internal/logging/text/AbstractLineChoppingStyledTextOutput;Lorg/gradle/internal/logging/text/AbstractLineChoppingStyledTextOutput$State;)Lorg/gradle/internal/logging/text/AbstractLineChoppingStyledTextOutput$State; 2 6101 orig 264 88 29 65 86 0 0 0 0 176 246 140 22 0 0 0 0 40 1 0 0 0 0 0 0 0 0 0 0 0 0 0 0 0 0 0 0 0 0 0 0 0 0 0 0 0 0 0 0 0 0 0 0 0 0 0 0 0 0 0 0 0 0 0 0 0 0 0 0 0 0 0 0 0 0 0 0 0 0 0 0 77 68 79 32 101 120 116 114 97 32 100 97 116 97 32 108 111 99 107 0 0 0 0 0 0 0 0 0 0 0 0 0 0 0 0 0 0 0 0 0 0 0 0 0 0 0 0 0 0 0 0 0 0 0 0 0 0 0 0 0 0 0 0 0 0 0 0 0 0 0 0 0 0 0 0 0 0 0 0 0 0 0 0 0 0 0 0 0 0 0 0 0 0 0 0 0 0 0 0 0 0 0 0 0 0 0 0 0 0 0 0 0 0 0 0 0 0 0 0 0 0 0 0 0 0 0 0 0 0 0 0 0 0 0 0 0 17 1 0 0 33 182 0 0 1 0 0 0 0 0 0 0 0 0 0 0 2 0 0 0 0 0 3 0 1 0 0 0 0 0 0 0 255 255 255 255 0 0 0 0 0 0 0 0 data 0 oops 0
ciMethodData org/gradle/internal/logging/text/AbstractLineChoppingStyledTextOutput$1 execute (Ljava/lang/Object;)V 2 7321 orig 264 88 29 65 86 0 0 0 0 104 5 141 22 0 0 0 0 176 1 0 0 0 0 0 0 0 0 0 0 0 0 0 0 0 0 0 0 0 0 0 0 0 0 0 0 0 0 0 0 0 0 0 0 0 0 0 0 0 0 0 0 0 0 0 0 0 0 0 0 0 0 0 0 0 0 0 0 0 0 0 0 77 68 79 32 101 120 116 114 97 32 100 97 116 97 32 108 111 99 107 0 0 0 0 0 0 0 0 0 0 0 0 0 0 0 0 0 0 0 0 0 0 0 0 0 0 0 0 0 0 0 0 0 0 0 0 0 0 0 0 0 0 0 0 0 1 0 0 0 0 0 0 0 0 0 0 0 0 0 0 0 0 0 0 0 0 0 0 0 0 0 0 0 0 0 0 0 0 0 0 0 0 0 0 0 0 0 0 0 0 0 0 0 0 0 0 0 0 0 0 0 0 0 0 0 0 0 0 0 0 0 0 0 0 0 0 0 128 1 0 0 201 216 0 0 1 0 0 0 0 0 0 0 0 0 0 0 2 0 0 0 0 0 3 0 2 0 0 0 96 0 0 0 255 255 255 255 4 0 2 0 0 0 0 0 data 12 0x20004 0x0 0x192d84f0 0x1b19 0x0 0x0 0x50005 0x0 0x192d8650 0x1b19 0x0 0x0 oops 2 2 org/gradle/internal/logging/text/AbstractLineChoppingStyledTextOutput$StateContext 8 org/gradle/internal/logging/text/AbstractLineChoppingStyledTextOutput$1
ciMethodData org/gradle/internal/logging/text/AbstractLineChoppingStyledTextOutput$1 execute (Lorg/gradle/internal/logging/text/AbstractLineChoppingStyledTextOutput$StateContext;)V 2 5879 orig 264 88 29 65 86 0 0 0 0 168 4 141 22 0 0 0 0 32 5 0 0 192 2 0 0 0 0 0 0 0 0 0 0 0 0 0 0 0 0 0 0 0 0 0 0 0 0 0 0 0 0 0 0 0 0 0 0 0 0 0 0 0 0 0 0 0 0 0 0 0 0 0 0 0 0 0 0 0 0 0 0 77 68 79 32 101 120 116 114 97 32 100 97 116 97 32 108 111 99 107 0 0 0 0 0 0 0 0 0 0 0 0 0 0 0 0 0 0 0 0 0 0 0 0 0 0 0 0 0 0 0 0 0 0 0 0 0 0 0 0 0 0 0 0 0 1 0 0 0 0 0 0 0 0 0 0 0 0 0 0 0 0 0 0 0 0 0 0 0 0 0 0 0 0 0 0 0 0 0 0 0 0 0 0 0 0 0 0 0 0 0 0 0 0 0 0 0 0 0 0 0 0 0 0 0 0 0 0 0 0 0 0 0 0 0 0 0 127 1 0 0 193 171 0 0 1 0 0 0 0 0 0 0 0 0 0 0 2 0 0 0 0 0 16 0 2 0 0 0 208 3 0 0 255 255 255 255 2 0 1 0 0 0 0 0 data 122 0x10002 0x1578 0x50002 0x1578 0x90007 0x0 0x2d0 0x1578 0xd0002 0x1578 0x120005 0x2fa 0x30fab50 0x127e 0x0 0x0 0x150007 0x1578 0x200 0x0 0x1a0002 0x0 0x1e0002 0x0 0x220005 0x0 0x0 0x0 0x0 0x0 0x250007 0x0 0x190 0x0 0x290002 0x0 0x2e0002 0x0 0x320002 0x0 0x360007 0x0 0x140 0x0 0x3a0005 0x0 0x0 0x0 0x0 0x0 0x3f0002 0x0 0x420005 0x0 0x0 0x0 0x0 0x0 0x470002 0x0 0x4a0005 0x0 0x0 0x0 0x0 0x0 0x4e0005 0x0 0x0 0x0 0x0 0x0 0x520002 0x0 0x550005 0x0 0x0 0x0 0x0 0x0 0x5a0002 0x1578 0x5d0007 0x0 0x60 0x1578 0x600002 0x1578 0x640005 0x0 0x1acc2610 0x1578 0x0 0x0 0x6c0002 0x0 0x6f0005 0x0 0x0 0x0 0x0 0x0 0x730005 0x0 0x0 0x0 0x0 0x0 0x770005 0x0 0x0 0x0 0x0 0x0 0x7b0002 0x0 0x7e0005 0x0 0x0 0x0 0x0 0x0 oops 2 12 java/lang/String 90 org/gradle/internal/logging/text/AbstractLineChoppingStyledTextOutput$2
ciMethodData org/gradle/internal/logging/text/AbstractLineChoppingStyledTextOutput access$800 ()Lorg/gradle/internal/logging/text/AbstractLineChoppingStyledTextOutput$State; 2 5879 orig 264 88 29 65 86 0 0 0 0 208 247 140 22 0 0 0 0 24 1 0 0 0 0 0 0 0 0 0 0 0 0 0 0 0 0 0 0 0 0 0 0 0 0 0 0 0 0 0 0 0 0 0 0 0 0 0 0 0 0 0 0 0 0 0 0 0 0 0 0 0 0 0 0 0 0 0 0 0 0 0 0 77 68 79 32 101 120 116 114 97 32 100 97 116 97 32 108 111 99 107 0 0 0 0 0 0 0 0 0 0 0 0 0 0 0 0 0 0 0 0 0 0 0 0 0 0 0 0 0 0 0 0 0 0 0 0 0 0 0 0 0 0 0 0 0 0 0 0 0 0 0 0 0 0 0 0 0 0 0 0 0 0 0 0 0 0 0 0 0 0 0 0 0 0 0 0 0 0 0 0 0 0 0 0 0 0 0 0 0 0 0 0 0 0 0 0 0 0 0 0 0 0 0 0 0 0 0 0 0 0 0 0 0 0 0 0 0 128 1 0 0 185 171 0 0 1 0 0 0 0 0 0 0 0 0 0 0 2 0 0 0 0 0 3 0 1 0 0 0 0 0 0 0 255 255 255 255 0 0 0 0 0 0 0 0 data 0 oops 0
ciMethodData org/gradle/internal/logging/text/AbstractLineChoppingStyledTextOutput$2 execute (Ljava/lang/Object;)V 2 5879 orig 264 88 29 65 86 0 0 0 0 200 13 141 22 0 0 0 0 176 1 0 0 0 0 0 0 0 0 0 0 0 0 0 0 0 0 0 0 0 0 0 0 0 0 0 0 0 0 0 0 0 0 0 0 0 0 0 0 0 0 0 0 0 0 0 0 0 0 0 0 0 0 0 0 0 0 0 0 0 0 0 0 77 68 79 32 101 120 116 114 97 32 100 97 116 97 32 108 111 99 107 0 0 0 0 0 0 0 0 0 0 0 0 0 0 0 0 0 0 0 0 0 0 0 0 0 0 0 0 0 0 0 0 0 0 0 0 0 0 0 0 0 0 0 0 0 0 0 0 0 0 0 0 0 0 0 0 0 0 0 0 0 0 0 0 0 0 0 0 0 0 0 0 0 0 0 0 0 0 0 0 0 0 0 0 0 0 0 0 0 0 0 0 0 0 0 0 0 0 0 0 0 0 0 0 0 0 0 0 0 0 0 0 0 0 0 0 0 169 1 0 0 113 170 0 0 1 0 0 0 0 0 0 0 0 0 0 0 2 0 0 0 0 0 3 0 2 0 0 0 96 0 0 0 255 255 255 255 4 0 2 0 0 0 0 0 data 12 0x20004 0x0 0x192d84f0 0x2d0 0x0 0x0 0x50005 0x0 0x1acc2610 0x154e 0x0 0x0 oops 2 2 org/gradle/internal/logging/text/AbstractLineChoppingStyledTextOutput$StateContext 8 org/gradle/internal/logging/text/AbstractLineChoppingStyledTextOutput$2
ciMethodData org/gradle/internal/logging/text/AbstractLineChoppingStyledTextOutput$2 execute (Lorg/gradle/internal/logging/text/AbstractLineChoppingStyledTextOutput$StateContext;)V 2 5846 orig 264 88 29 65 86 0 0 0 0 8 13 141 22 0 0 0 0 224 3 0 0 8 2 0 0 0 0 0 0 0 0 0 0 0 0 0 0 0 0 0 0 0 0 0 0 0 0 0 0 0 0 0 0 0 0 0 0 0 0 0 0 0 0 0 0 0 0 0 0 0 0 0 0 0 0 0 0 0 0 0 0 77 68 79 32 101 120 116 114 97 32 100 97 116 97 32 108 111 99 107 0 0 0 0 0 0 0 0 0 0 0 0 0 0 0 0 0 0 0 0 0 0 0 0 0 0 0 0 0 0 0 0 0 0 0 0 0 0 0 0 0 0 0 0 0 1 0 0 0 0 0 0 0 0 0 0 0 0 0 0 0 0 0 0 0 0 0 0 0 0 0 0 0 0 0 0 0 0 0 0 0 0 0 0 0 0 0 0 0 0 0 0 0 0 0 0 0 0 0 0 0 0 0 0 0 0 0 0 0 0 0 0 0 0 0 0 0 169 1 0 0 105 169 0 0 1 0 0 0 0 0 0 0 0 0 0 0 2 0 0 0 0 0 8 0 2 0 0 0 144 2 0 0 255 255 255 255 5 0 3 0 0 0 0 0 data 82 0x30005 0x0 0x192d84f0 0x152d 0x0 0x0 0x60007 0x1508 0x88 0x25 0xa0002 0x25 0xf0002 0x25 0x120005 0x0 0x192d84f0 0x25 0x0 0x0 0x150003 0x25 0x1f0 0x1b0005 0x0 0x192d84f0 0x1508 0x0 0x0 0x1e0007 0x1508 0x138 0x0 0x220005 0x0 0x0 0x0 0x0 0x0 0x280005 0x0 0x0 0x0 0x0 0x0 0x2c0005 0x0 0x0 0x0 0x0 0x0 0x300005 0x0 0x0 0x0 0x0 0x0 0x340002 0x0 0x370005 0x0 0x0 0x0 0x0 0x0 0x3a0003 0x0 0x88 0x3e0005 0x0 0x192d84f0 0x1508 0x0 0x0 0x420002 0x1508 0x450005 0x0 0x192d84f0 0x1508 0x0 0x0 oops 5 2 org/gradle/internal/logging/text/AbstractLineChoppingStyledTextOutput$StateContext 16 org/gradle/internal/logging/text/AbstractLineChoppingStyledTextOutput$StateContext 25 org/gradle/internal/logging/text/AbstractLineChoppingStyledTextOutput$StateContext 70 org/gradle/internal/logging/text/AbstractLineChoppingStyledTextOutput$StateContext 78 org/gradle/internal/logging/text/AbstractLineChoppingStyledTextOutput$StateContext
ciMethodData org/gradle/internal/logging/text/AbstractLineChoppingStyledTextOutput access$1000 ()Lorg/gradle/internal/logging/text/AbstractLineChoppingStyledTextOutput$State; 1 38 orig 264 88 29 65 86 0 0 0 0 240 248 140 22 0 0 0 0 24 1 0 0 0 0 0 0 0 0 0 0 0 0 0 0 0 0 0 0 0 0 0 0 0 0 0 0 0 0 0 0 0 0 0 0 0 0 0 0 0 0 0 0 0 0 0 0 0 0 0 0 0 0 0 0 0 0 0 0 0 0 0 0 77 68 79 32 101 120 116 114 97 32 100 97 116 97 32 108 111 99 107 0 0 0 0 0 0 0 0 0 0 0 0 0 0 0 0 0 0 0 0 0 0 0 0 0 0 0 0 0 0 0 0 0 0 0 0 0 0 0 0 0 0 0 0 0 0 0 0 0 0 0 0 0 0 0 0 0 0 0 0 0 0 0 0 0 0 0 0 0 0 0 0 0 0 0 0 0 0 0 0 0 0 0 0 0 0 0 0 0 0 0 0 0 0 0 0 0 0 0 0 0 0 0 0 0 0 0 0 0 0 0 0 0 0 0 0 0 2 0 0 0 33 1 0 0 1 0 0 0 0 0 0 0 0 0 0 0 2 0 0 0 0 0 0 0 0 0 0 0 0 0 0 0 255 255 255 255 0 0 0 0 0 0 0 0 data 0 oops 0
ciMethodData org/gradle/internal/logging/text/AbstractLineChoppingStyledTextOutput$StateContext flushLineText ()V 2 1027 orig 264 88 29 65 86 0 0 0 0 176 77 141 22 0 0 0 0 160 3 0 0 168 1 0 0 0 0 0 0 0 0 0 0 0 0 0 0 0 0 0 0 0 0 0 0 0 0 0 0 0 0 0 0 0 0 0 0 0 0 0 0 0 0 0 0 0 0 0 0 0 0 0 0 0 0 0 0 0 0 0 0 77 68 79 32 101 120 116 114 97 32 100 97 116 97 32 108 111 99 107 0 0 0 0 0 0 0 0 0 0 0 0 0 0 0 0 0 0 0 0 0 0 0 0 0 0 0 0 0 0 0 0 0 0 0 0 0 0 0 0 0 0 0 0 0 0 0 0 0 0 0 0 0 0 0 0 0 0 0 0 0 0 0 0 0 0 0 0 0 0 0 0 0 0 0 0 0 0 0 0 0 0 0 0 0 0 0 0 0 0 0 0 0 0 0 0 0 0 0 0 0 0 0 0 0 0 0 0 0 0 0 0 0 0 0 0 0 18 0 0 0 137 31 0 0 1 0 0 0 0 0 0 0 0 0 0 0 2 0 0 0 0 0 16 0 2 0 0 0 88 2 0 0 255 255 255 255 7 0 8 0 0 0 0 0 data 75 0x80007 0xea 0x258 0x307 0x120007 0x307 0x168 0x0 0x190007 0x0 0x148 0x0 0x200002 0x0 0x2c0002 0x0 0x2f0005 0x0 0x0 0x0 0x0 0x0 0x320005 0x0 0x0 0x0 0x0 0x0 0x3e0005 0x0 0x0 0x0 0x0 0x0 0x410005 0x0 0x0 0x0 0x0 0x0 0x440005 0x0 0x0 0x0 0x0 0x0 0x480003 0x0 0x68 0x4f0007 0x0 0x50 0x307 0x5e0005 0xd3 0x30fab50 0x234 0x0 0x0 0x630005 0xd3 0x30fab50 0x234 0x0 0x0 0x660007 0x0 0x50 0x307 0x6e0005 0x0 0x19a17400 0x307 0x0 0x0 oops 3 55 java/lang/String 61 java/lang/String 71 org/gradle/internal/logging/console/StyledTextOutputBackedRenderer$OutputEventTextOutputImpl
ciMethodData org/gradle/internal/logging/text/AbstractLineChoppingStyledTextOutput$StateContext next ()V 2 5652 orig 264 88 29 65 86 0 0 0 0 128 72 141 22 0 0 0 0 32 1 0 0 0 0 0 0 0 0 0 0 0 0 0 0 0 0 0 0 0 0 0 0 0 0 0 0 0 0 0 0 0 0 0 0 0 0 0 0 0 0 0 0 0 0 0 0 0 0 0 0 0 0 0 0 0 0 0 0 0 0 0 0 77 68 79 32 101 120 116 114 97 32 100 97 116 97 32 108 111 99 107 0 0 0 0 0 0 0 0 0 0 0 0 0 0 0 0 0 0 0 0 0 0 0 0 0 0 0 0 0 0 0 0 0 0 0 0 0 0 0 0 0 0 0 0 0 0 0 0 0 0 0 0 0 0 0 0 0 0 0 0 0 0 0 0 0 0 0 0 0 0 0 0 0 0 0 0 0 0 0 0 0 0 0 0 0 0 0 0 0 0 0 0 0 0 0 0 0 0 0 0 0 0 0 0 0 0 0 0 0 0 0 0 0 0 0 0 0 168 1 0 0 97 163 0 0 1 0 0 0 0 0 0 0 0 0 0 0 2 0 0 0 0 0 3 0 1 0 0 0 0 0 0 0 255 255 255 255 0 0 0 0 0 0 0 0 data 0 oops 0
ciMethodData org/gradle/internal/logging/text/AbstractLineChoppingStyledTextOutput access$900 ()Lorg/gradle/internal/logging/text/AbstractLineChoppingStyledTextOutput$State; 2 5935 orig 264 88 29 65 86 0 0 0 0 96 248 140 22 0 0 0 0 24 1 0 0 0 0 0 0 0 0 0 0 0 0 0 0 0 0 0 0 0 0 0 0 0 0 0 0 0 0 0 0 0 0 0 0 0 0 0 0 0 0 0 0 0 0 0 0 0 0 0 0 0 0 0 0 0 0 0 0 0 0 0 0 77 68 79 32 101 120 116 114 97 32 100 97 116 97 32 108 111 99 107 0 0 0 0 0 0 0 0 0 0 0 0 0 0 0 0 0 0 0 0 0 0 0 0 0 0 0 0 0 0 0 0 0 0 0 0 0 0 0 0 0 0 0 0 0 0 0 0 0 0 0 0 0 0 0 0 0 0 0 0 0 0 0 0 0 0 0 0 0 0 0 0 0 0 0 0 0 0 0 0 0 0 0 0 0 0 0 0 0 0 0 0 0 0 0 0 0 0 0 0 0 0 0 0 0 0 0 0 0 0 0 0 0 0 0 0 0 169 1 0 0 49 172 0 0 1 0 0 0 0 0 0 0 0 0 0 0 2 0 0 0 0 0 3 0 1 0 0 0 0 0 0 0 255 255 255 255 0 0 0 0 0 0 0 0 data 0 oops 0
ciMethodData org/gradle/internal/logging/text/AbstractLineChoppingStyledTextOutput doAppend (Ljava/lang/String;)V 2 19678 orig 264 88 29 65 86 0 0 0 0 88 242 140 22 0 0 0 0 56 2 0 0 0 0 0 0 0 0 0 0 0 0 0 0 0 0 0 0 0 0 0 0 0 0 0 0 0 0 0 0 0 0 0 0 0 0 0 0 0 0 0 0 0 0 0 0 0 0 0 0 0 0 0 0 0 0 0 0 0 0 0 0 77 68 79 32 101 120 116 114 97 32 100 97 116 97 32 108 111 99 107 0 0 0 0 0 0 0 0 0 0 0 0 0 0 0 0 0 0 0 0 0 0 0 0 0 0 0 0 0 0 0 0 0 0 0 0 0 0 0 0 0 0 0 0 0 1 0 0 0 0 0 0 0 0 0 0 0 0 0 0 0 0 0 0 0 0 0 0 0 0 0 0 0 0 0 0 0 0 0 0 0 0 0 0 0 0 0 0 0 0 0 0 0 0 0 0 0 0 0 0 0 0 0 0 0 0 0 0 0 0 0 0 0 0 0 0 0 234 10 0 0 1 24 0 0 161 15 2 0 0 0 0 0 0 0 0 0 2 0 0 0 1 0 10 0 2 0 0 0 232 0 0 0 255 255 255 255 2 0 6 0 0 0 0 0 data 29 0x60002 0x300 0xb0005 0x0 0x192d84f0 0x44f3 0x0 0x0 0xe0007 0x300 0x68 0x41f3 0x160005 0x62 0x192d85a0 0x63 0x192d8650 0x412e 0x1b0003 0x41f3 0xffffffffffffff80 0x200002 0x300 0x270005 0x0 0x192d84f0 0x300 0x0 0x0 oops 4 4 org/gradle/internal/logging/text/AbstractLineChoppingStyledTextOutput$StateContext 14 org/gradle/internal/logging/text/AbstractLineChoppingStyledTextOutput$4 16 org/gradle/internal/logging/text/AbstractLineChoppingStyledTextOutput$1 25 org/gradle/internal/logging/text/AbstractLineChoppingStyledTextOutput$StateContext
ciMethodData org/gradle/internal/logging/text/AbstractLineChoppingStyledTextOutput$StateContext <init> (Lorg/gradle/internal/logging/text/AbstractLineChoppingStyledTextOutput;Ljava/lang/String;)V 1 897 orig 264 88 29 65 86 0 0 0 0 216 71 141 22 0 0 0 0 200 1 0 0 0 0 0 0 0 0 0 0 0 0 0 0 0 0 0 0 0 0 0 0 0 0 0 0 0 0 0 0 0 0 0 0 0 0 0 0 0 0 0 0 0 0 0 0 0 0 0 0 0 0 0 0 0 0 0 0 0 0 0 0 77 68 79 32 101 120 116 114 97 32 100 97 116 97 32 108 111 99 107 0 0 0 0 0 0 0 0 0 0 0 0 0 0 0 0 0 0 0 0 0 0 0 0 0 0 0 0 0 0 0 0 0 0 0 0 0 0 0 0 0 0 0 0 0 0 0 0 0 0 0 0 0 0 0 0 0 0 0 0 0 0 0 0 0 0 0 0 0 0 0 0 0 0 0 0 0 0 0 0 0 0 0 0 0 0 0 0 0 0 0 0 0 0 0 0 0 0 0 0 0 0 0 0 0 0 0 0 0 0 0 0 0 0 0 0 0 128 0 0 0 9 24 0 0 1 0 0 0 0 0 0 0 0 0 0 0 2 0 0 0 0 0 3 0 2 0 0 0 112 0 0 0 255 255 255 255 2 0 6 0 0 0 0 0 data 14 0x60002 0x301 0xe0002 0x301 0x190002 0x301 0x240002 0x301 0x310005 0x109 0x30fab50 0x1f8 0x0 0x0 oops 1 10 java/lang/String
ciMethodData org/gradle/internal/logging/console/StyledTextOutputBackedRenderer$OutputEventTextOutputImpl doLineText (Ljava/lang/CharSequence;)V 1 791 orig 264 88 29 65 86 0 0 0 0 112 233 140 22 0 0 0 0 128 1 0 0 0 0 0 0 0 0 0 0 0 0 0 0 0 0 0 0 0 0 0 0 0 0 0 0 0 0 0 0 0 0 0 0 0 0 0 0 0 0 0 0 0 0 0 0 0 0 0 0 0 0 0 0 0 0 0 0 0 0 0 0 77 68 79 32 101 120 116 114 97 32 100 97 116 97 32 108 111 99 107 0 0 0 0 0 0 0 0 0 0 0 0 0 0 0 0 0 0 0 0 0 0 0 0 0 0 0 0 0 0 0 0 0 0 0 0 0 0 0 0 0 0 0 0 0 0 0 0 0 0 0 0 0 0 0 0 0 0 0 0 0 0 0 0 0 0 0 0 0 0 0 0 0 0 0 0 0 0 0 0 0 0 0 0 0 0 0 0 0 0 0 0 0 0 0 0 0 0 0 0 0 0 0 0 0 0 0 0 0 0 0 0 0 0 0 0 0 129 1 0 0 177 12 0 0 1 0 0 0 0 0 0 0 0 0 0 0 2 0 0 0 0 0 7 0 2 0 0 0 48 0 0 0 255 255 255 255 5 0 5 0 0 0 0 0 data 6 0x50005 0x0 0x1a7e5020 0x196 0x0 0x0 oops 1 2 org/gradle/internal/logging/text/StreamingStyledTextOutput
instanceKlass org/gradle/internal/logging/events/StyledTextOutputEvent$Span
instanceKlass org/gradle/internal/logging/events/operations/StyledTextBuildOperationProgressDetails$Span
instanceKlass org/gradle/process/internal/streams/ExecOutputHandleRunner
instanceKlass java/lang/ProcessImpl$2
instanceKlass net/rubygrapefruit/platform/internal/jni/WindowsHandleFunctions
instanceKlass java/lang/ProcessBuilder
instanceKlass org/gradle/internal/operations/CurrentBuildOperationPreservingRunnable
instanceKlass org/gradle/process/internal/ProcessBuilderFactory
instanceKlass org/gradle/process/internal/DefaultExecHandle$CompositeStreamsHandler
instanceKlass org/gradle/process/internal/ExecHandleRunner
instanceKlass org/gradle/process/internal/ExecHandleShutdownHookAction
instanceKlass net/rubygrapefruit/platform/internal/DefaultProcessLauncher
instanceKlass net/rubygrapefruit/platform/internal/WindowsProcessLauncher
instanceKlass net/rubygrapefruit/platform/internal/WrapperProcessLauncher
instanceKlass org/gradle/process/internal/DefaultExecHandle
instanceKlass org/gradle/process/internal/ProcessSettings
instanceKlass org/gradle/process/internal/streams/OutputStreamsForwarder
instanceKlass org/gradle/process/internal/streams/SafeStreams
instanceKlass org/gradle/process/internal/ProcessStreamsSpec
instanceKlass org/gradle/process/internal/streams/EmptyStdInStreamsHandler
instanceKlass org/gradle/process/internal/ProcessArgumentsSpec
instanceKlass org/gradle/process/internal/ExecHandleListener
instanceKlass org/gradle/process/internal/ExecHandle
instanceKlass org/gradle/process/internal/StreamsHandler
instanceKlass org/gradle/process/internal/DefaultProcessForkOptions
instanceKlass org/gradle/process/internal/ProcessArgumentsSpec$HasExecutable
instanceKlass org/gradle/api/internal/tasks/execution/ExecuteTaskActionBuildOperationType$2
instanceKlass org/gradle/api/internal/tasks/execution/ExecuteTaskActionBuildOperationType$1
instanceKlass org/gradle/api/internal/tasks/execution/ExecuteTaskActionBuildOperationType$Result
instanceKlass org/gradle/api/internal/tasks/execution/ExecuteTaskActionBuildOperationType$Details
instanceKlass org/gradle/api/internal/tasks/execution/ExecuteTaskActionBuildOperationType
instanceKlass org/gradle/api/internal/tasks/execution/ExecuteActionsTaskExecuter$3
instanceKlass org/gradle/internal/logging/compatbridge/LoggingManagerInternalCompatibilityBridge
instanceKlass org/gradle/api/internal/tasks/execution/ExecuteActionsTaskExecuter$TaskExecution$$Lambda$652
instanceKlass org/gradle/api/internal/tasks/execution/ExecuteActionsTaskExecuter$TaskExecution$$Lambda$651
instanceKlass org/gradle/internal/execution/steps/ExecuteStep$$Lambda$650
instanceKlass org/gradle/internal/execution/steps/ExecuteStep$$Lambda$649
instanceKlass org/gradle/internal/execution/steps/ResolveInputChangesStep$1$$Lambda$648
instanceKlass org/gradle/internal/execution/steps/ResolveInputChangesStep$1
instanceKlass org/gradle/internal/execution/InputChangesContext
instanceKlass org/gradle/internal/execution/steps/CancelExecutionStep$$Lambda$647
instanceKlass java/lang/invoke/LambdaForm$DMH
instanceKlass org/gradle/internal/execution/steps/CreateOutputsStep$1
instanceKlass org/gradle/internal/execution/steps/CreateOutputsStep$$Lambda$646
instanceKlass org/gradle/internal/vfs/impl/DefaultSnapshotHierarchy$$Lambda$645
instanceKlass org/gradle/internal/snapshot/AbstractIncompleteSnapshotWithChildren$1$$Lambda$644
instanceKlass org/gradle/internal/snapshot/AbstractIncompleteSnapshotWithChildren$1$$Lambda$643
instanceKlass org/gradle/internal/snapshot/AbstractIncompleteSnapshotWithChildren$1$$Lambda$642
instanceKlass org/gradle/internal/snapshot/AbstractCompleteFileSystemLocationSnapshot$PathCompressingSnapshotWrapper$$Lambda$641
instanceKlass org/gradle/internal/snapshot/CompleteDirectorySnapshot$1$$Lambda$640
instanceKlass org/gradle/internal/snapshot/CompleteDirectorySnapshot$1$$Lambda$639
instanceKlass org/gradle/internal/snapshot/CompleteDirectorySnapshot$1$$Lambda$638
instanceKlass org/gradle/internal/snapshot/CompleteDirectorySnapshot$1
instanceKlass org/gradle/internal/snapshot/AbstractIncompleteSnapshotWithChildren$1
instanceKlass org/gradle/internal/snapshot/SnapshotUtil$3
instanceKlass org/gradle/internal/vfs/impl/DefaultFileSystemAccess$$Lambda$637
instanceKlass org/gradle/internal/vfs/impl/DefaultFileSystemAccess$$Lambda$636
instanceKlass org/gradle/internal/watch/vfs/impl/LocationsWrittenByCurrentBuild$$Lambda$635
instanceKlass org/gradle/internal/service/scopes/VirtualFileSystemServices$BuildSessionServices$$Lambda$634
instanceKlass org/gradle/api/internal/tasks/execution/ExecuteActionsTaskExecuter$TaskExecution$$Lambda$633
instanceKlass org/gradle/api/internal/tasks/execution/ExecuteActionsTaskExecuter$TaskExecution$$Lambda$632
instanceKlass org/gradle/api/internal/tasks/execution/ExecuteActionsTaskExecuter$TaskExecution$$Lambda$631
instanceKlass org/gradle/internal/execution/UnitOfWork$OutputPropertyVisitor
instanceKlass org/gradle/internal/execution/steps/SkipUpToDateStep$$Lambda$630
instanceKlass org/gradle/internal/execution/steps/ResolveChangesStep$1
instanceKlass org/gradle/internal/execution/IncrementalChangesContext
instanceKlass org/gradle/internal/execution/steps/ResolveChangesStep$$Lambda$629
instanceKlass org/gradle/internal/execution/history/changes/InputChangesInternal
instanceKlass org/gradle/internal/execution/history/changes/DefaultExecutionStateChangeDetector$AbstractDetectedExecutionStateChanges
instanceKlass org/gradle/internal/execution/history/changes/DefaultFileChange
instanceKlass org/gradle/api/tasks/incremental/InputFileDetails
instanceKlass org/gradle/work/FileChange
instanceKlass org/gradle/internal/execution/history/changes/AbstractFingerprintChanges$1
instanceKlass org/gradle/internal/execution/history/changes/SortedMapDiffUtil
instanceKlass org/gradle/internal/execution/history/changes/PropertyChanges$1
instanceKlass org/gradle/internal/execution/history/changes/SummarizingChangeContainer$ChangeDetectingVisitor
instanceKlass org/gradle/internal/execution/history/changes/DefaultExecutionStateChangeDetector$MessageCollectingChangeVisitor
instanceKlass org/gradle/internal/execution/history/changes/ErrorHandlingChangeContainer
instanceKlass org/gradle/internal/execution/history/changes/SummarizingChangeContainer
instanceKlass org/gradle/internal/execution/history/changes/IgnoredPathCompareStrategy$1
instanceKlass org/gradle/internal/execution/history/changes/AbstractFingerprintCompareStrategy
instanceKlass org/gradle/internal/execution/history/changes/FingerprintCompareStrategy
instanceKlass org/gradle/internal/execution/history/changes/AbstractFingerprintChanges
instanceKlass org/gradle/internal/execution/history/changes/InputValueChanges
instanceKlass org/gradle/internal/execution/history/changes/PropertyDiffListener
instanceKlass org/gradle/internal/execution/history/changes/PropertyChanges
instanceKlass org/gradle/internal/execution/history/changes/ImplementationChanges
instanceKlass org/gradle/internal/execution/history/changes/DescriptiveChange
instanceKlass org/gradle/internal/execution/history/changes/Change
instanceKlass org/gradle/internal/execution/history/changes/PreviousSuccessChanges
instanceKlass org/gradle/internal/execution/history/changes/IncrementalInputProperties$2
instanceKlass org/gradle/internal/execution/history/changes/IncrementalInputProperties$1
instanceKlass org/gradle/internal/execution/steps/ResolveChangesStep$2
instanceKlass org/gradle/internal/execution/steps/ResolveChangesStep$$Lambda$628
instanceKlass org/gradle/internal/execution/steps/ResolveChangesStep$$Lambda$627
instanceKlass org/gradle/internal/execution/steps/ResolveChangesStep$$Lambda$626
instanceKlass org/gradle/internal/execution/steps/ResolveChangesStep$$Lambda$625
instanceKlass org/gradle/api/internal/tasks/execution/ExecuteActionsTaskExecuter$TaskExecution$$Lambda$624
instanceKlass org/gradle/internal/execution/steps/ResolveCachingStateStep$1
instanceKlass org/gradle/internal/execution/CachingContext
instanceKlass org/gradle/internal/execution/steps/CaptureStateBeforeExecutionStep$1
instanceKlass org/gradle/internal/execution/steps/CaptureStateBeforeExecutionStep$Operation$Result$1
instanceKlass org/gradle/internal/execution/steps/CaptureStateBeforeExecutionStep$Operation$Result
instanceKlass org/gradle/internal/execution/impl/OutputFilterUtil$$Lambda$623
instanceKlass org/gradle/internal/execution/impl/OutputFilterUtil$SnapshotFilteringVisitor
instanceKlass org/gradle/internal/execution/impl/OutputFilterUtil
instanceKlass com/google/common/collect/Maps$13
instanceKlass org/gradle/internal/execution/steps/CaptureStateBeforeExecutionStep$$Lambda$622
instanceKlass java/lang/invoke/LambdaForm$DMH
instanceKlass org/gradle/internal/fingerprint/impl/AbsolutePathFingerprintingStrategy$1
instanceKlass org/gradle/cache/internal/btree/FileBackedBlockStore$1
instanceKlass org/gradle/internal/vfs/impl/DefaultFileSystemAccess$$Lambda$621
instanceKlass org/gradle/internal/typeconversion/NotationConverterToNotationParserAdapter$1
instanceKlass org/gradle/api/internal/tasks/execution/ExecuteActionsTaskExecuter$TaskExecution$$Lambda$620
instanceKlass org/gradle/internal/execution/steps/CaptureStateBeforeExecutionStep$$Lambda$619
instanceKlass org/gradle/internal/execution/UnitOfWork$InputFilePropertyVisitor
instanceKlass java/lang/invoke/LambdaForm$DMH
instanceKlass org/gradle/api/internal/tasks/properties/InputParameterUtils
instanceKlass org/gradle/internal/execution/steps/CaptureStateBeforeExecutionStep$$Lambda$618
instanceKlass org/gradle/internal/execution/UnitOfWork$InputPropertyVisitor
instanceKlass org/gradle/internal/fingerprint/overlap/OverlappingOutputs
instanceKlass org/gradle/internal/fingerprint/overlap/impl/DefaultOverlappingOutputDetector$OverlappingOutputsDetectingVisitor
instanceKlass org/gradle/internal/execution/steps/CaptureStateBeforeExecutionStep$2
instanceKlass org/gradle/internal/snapshot/CompleteDirectorySnapshot$$Lambda$617
instanceKlass org/gradle/internal/snapshot/CompleteDirectorySnapshot$$Lambda$616
instanceKlass org/gradle/internal/snapshot/CompositeFileSystemSnapshot
instanceKlass org/gradle/internal/execution/steps/CaptureStateBeforeExecutionStep$$Lambda$615
instanceKlass org/gradle/internal/execution/steps/CaptureStateBeforeExecutionStep$$Lambda$614
instanceKlass org/gradle/internal/execution/steps/CaptureStateBeforeExecutionStep$ImplementationsBuilder
instanceKlass org/gradle/internal/execution/steps/BuildOperationStep$1
instanceKlass org/gradle/internal/execution/steps/CaptureStateBeforeExecutionStep$Operation$Details$1
instanceKlass org/gradle/internal/execution/steps/CaptureStateBeforeExecutionStep$Operation$Details
instanceKlass org/gradle/internal/execution/steps/CaptureStateBeforeExecutionStep$$Lambda$613
instanceKlass org/gradle/internal/execution/steps/CaptureStateBeforeExecutionStep$$Lambda$612
instanceKlass org/gradle/internal/execution/steps/ValidateStep$$Lambda$611
instanceKlass org/gradle/api/internal/tasks/DefaultTaskValidationContext
instanceKlass org/gradle/internal/execution/steps/ValidateStep$DefaultWorkValidationContext
instanceKlass org/gradle/internal/execution/steps/SkipEmptyWorkStep$$Lambda$610
instanceKlass org/gradle/internal/execution/steps/SkipEmptyWorkStep$$Lambda$609
instanceKlass org/gradle/internal/execution/steps/SkipEmptyWorkStep$$Lambda$608
instanceKlass org/gradle/internal/execution/steps/LoadExecutionStateStep$1
instanceKlass org/gradle/internal/execution/history/impl/AbstractExecutionState
instanceKlass org/gradle/internal/execution/history/impl/SerializableFileCollectionFingerprint
instanceKlass org/gradle/internal/fingerprint/impl/DefaultFileSystemLocationFingerprint$1
instanceKlass org/gradle/internal/fingerprint/impl/DefaultFileSystemLocationFingerprint
instanceKlass org/gradle/internal/execution/history/impl/FingerprintMapSerializer$1
instanceKlass org/gradle/internal/snapshot/impl/ImplementationSnapshot
instanceKlass org/gradle/caching/internal/origin/OriginMetadata
instanceKlass org/gradle/internal/execution/steps/LoadExecutionStateStep$$Lambda$607
instanceKlass org/gradle/api/internal/tasks/execution/ExecuteActionsTaskExecuter$1
instanceKlass org/gradle/api/internal/tasks/TaskValidationContext
instanceKlass org/gradle/api/internal/tasks/execution/ExecuteActionsTaskExecuter$TaskExecution
instanceKlass org/gradle/internal/execution/UnitOfWork
instanceKlass org/gradle/api/internal/tasks/properties/DefaultTaskProperties$$Lambda$606
instanceKlass org/gradle/api/internal/tasks/properties/GetInputPropertiesVisitor$$Lambda$605
instanceKlass org/gradle/api/internal/tasks/properties/InputFilePropertySpec
instanceKlass org/gradle/api/internal/tasks/properties/AbstractValidatingProperty
instanceKlass org/gradle/api/internal/tasks/properties/ValidatingProperty
instanceKlass org/gradle/api/internal/tasks/properties/LifecycleAwareValue
instanceKlass org/gradle/api/internal/tasks/properties/InputPropertySpec
instanceKlass org/gradle/api/internal/tasks/properties/CompositePropertyVisitor
instanceKlass org/gradle/api/internal/tasks/properties/DefaultTaskProperties
instanceKlass org/gradle/api/internal/tasks/properties/TaskProperties
instanceKlass java/time/zone/ZoneOffsetTransition
instanceKlass java/time/zone/Ser
instanceKlass java/time/zone/ZoneRulesProvider$1
instanceKlass java/time/zone/ZoneRulesProvider
instanceKlass java/time/Clock
instanceKlass com/android/build/gradle/internal/profile/TaskProfilingRecord$Companion
instanceKlass com/android/build/gradle/internal/profile/TaskProfilingRecord
instanceKlass org/gradle/api/internal/tasks/execution/ExecuteTaskBuildOperationDetails
instanceKlass org/gradle/api/internal/tasks/execution/ExecuteTaskBuildOperationType$Details
instanceKlass org/gradle/api/internal/tasks/execution/EventFiringTaskExecuter$1
instanceKlass org/gradle/api/internal/tasks/execution/EventFiringTaskExecuter
instanceKlass org/gradle/api/internal/tasks/execution/CatchExceptionTaskExecuter
instanceKlass org/gradle/api/internal/tasks/execution/SkipOnlyIfTaskExecuter
instanceKlass org/gradle/api/internal/tasks/execution/SkipTaskWithNoActionsExecuter
instanceKlass org/gradle/api/internal/tasks/execution/ResolveTaskExecutionModeExecuter
instanceKlass org/gradle/api/internal/tasks/execution/FinalizePropertiesTaskExecuter
instanceKlass org/gradle/api/internal/tasks/execution/CleanupStaleOutputsExecuter
instanceKlass org/gradle/api/internal/tasks/TaskExecuterResult
instanceKlass org/gradle/api/internal/tasks/execution/ExecuteActionsTaskExecuter
instanceKlass org/gradle/api/internal/tasks/execution/DefaultTaskSnapshotter
instanceKlass org/gradle/api/internal/changedetection/changes/DefaultTaskExecutionModeResolver
instanceKlass org/gradle/api/internal/tasks/execution/DefaultTaskCacheabilityResolver
instanceKlass org/gradle/internal/file/DefaultReservedFileSystemLocationRegistry$1
instanceKlass org/gradle/internal/file/DefaultReservedFileSystemLocationRegistry
instanceKlass org/gradle/api/internal/tasks/execution/DefaultEmptySourceTaskSkipper
instanceKlass org/gradle/normalization/internal/DefaultRuntimeClasspathNormalization$EvaluatableFilter$$Lambda$604
instanceKlass org/gradle/internal/service/DefaultServiceRegistry$FactoryService$1
instanceKlass org/gradle/api/internal/tasks/execution/DefaultTaskExecutionContext
instanceKlass org/gradle/api/execution/TaskActionListener
instanceKlass org/gradle/api/internal/tasks/TaskExecuter
instanceKlass org/gradle/api/internal/tasks/execution/EmptySourceTaskSkipper
instanceKlass org/gradle/api/internal/tasks/execution/TaskCacheabilityResolver
instanceKlass org/gradle/api/internal/tasks/execution/TaskSnapshotter
instanceKlass org/gradle/api/internal/changedetection/TaskExecutionModeResolver
instanceKlass org/gradle/internal/file/ReservedFileSystemLocationRegistry
instanceKlass org/gradle/execution/ProjectExecutionServiceRegistry$DefaultNodeExecutionContext
instanceKlass org/gradle/execution/plan/DefaultExecutionPlan$$Lambda$603
instanceKlass org/gradle/execution/plan/DefaultExecutionPlan$$Lambda$602
instanceKlass org/gradle/api/internal/tasks/properties/FileParameterUtils$1
instanceKlass org/gradle/execution/plan/LocalTaskNode$1$$Lambda$601
instanceKlass java/lang/invoke/LambdaForm$MH
instanceKlass org/gradle/execution/plan/LocalTaskNode$1$$Lambda$600
instanceKlass org/gradle/execution/plan/DefaultPlanExecutor$ExecutorWorker$$Lambda$599
instanceKlass org/gradle/internal/MutableBoolean
instanceKlass org/gradle/internal/MutableReference
instanceKlass org/gradle/execution/plan/DefaultPlanExecutor$ExecutorWorker$$Lambda$598
instanceKlass org/gradle/execution/plan/DefaultPlanExecutor$ExecutorWorker
instanceKlass org/gradle/execution/taskgraph/DefaultTaskExecutionGraph$InvokeNodeExecutorsAction
instanceKlass org/gradle/execution/taskgraph/DefaultTaskExecutionGraph$BuildOperationAwareExecutionAction
instanceKlass org/gradle/execution/ProjectExecutionServiceRegistry$$Lambda$597
instanceKlass org/gradle/api/internal/tasks/NodeExecutionContext
instanceKlass org/gradle/execution/ProjectExecutionServiceRegistry
instanceKlass org/gradle/execution/DefaultBuildWorkExecutor$1
instanceKlass org/gradle/execution/RunRootBuildWorkBuildOperationType$Details
instanceKlass org/gradle/execution/BuildOperationFiringBuildWorkerExecutor$ExecuteTasks
instanceKlass org/gradle/internal/taskgraph/CalculateTaskGraphBuildOperationType$PlannedTask
instanceKlass org/gradle/initialization/BuildOperationFiringTaskExecutionPreparer$CalculateTaskGraph$1
instanceKlass org/gradle/internal/taskgraph/CalculateTaskGraphBuildOperationType$Result
instanceKlass java/util/IdentityHashMap$IdentityHashMapIterator
instanceKlass org/gradle/execution/taskgraph/NotifyTaskGraphWhenReadyBuildOperationType$1
instanceKlass org/gradle/execution/taskgraph/NotifyTaskGraphWhenReadyBuildOperationType$Result
instanceKlass org/gradle/execution/taskgraph/NotifyTaskGraphWhenReadyBuildOperationType
instanceKlass org/gradle/execution/taskgraph/NotifyTaskGraphWhenReadyBuildOperationType$DetailsImpl
instanceKlass org/gradle/execution/taskgraph/NotifyTaskGraphWhenReadyBuildOperationType$Details
instanceKlass org/gradle/execution/taskgraph/DefaultTaskExecutionGraph$NotifyTaskGraphWhenReady
instanceKlass org/gradle/execution/taskgraph/DefaultTaskExecutionGraph$$Lambda$596
instanceKlass java/util/TreeMap$NavigableSubMap$SubMapIterator
instanceKlass com/google/common/collect/Iterators$ConcatenatedIterator
instanceKlass org/gradle/execution/plan/DefaultExecutionPlan$$Lambda$595
instanceKlass org/gradle/execution/plan/DefaultExecutionPlan$NodeInVisitingSegment
instanceKlass org/gradle/execution/plan/DefaultExecutionPlan$1
instanceKlass org/gradle/execution/taskgraph/DefaultTaskExecutionGraph$3
instanceKlass com/android/build/gradle/internal/tasks/MergeGeneratedProguardFilesCreationAction$configure$proguardFiles$1
instanceKlass com/android/build/gradle/internal/scope/VariantScopeImpl$$Lambda$594
instanceKlass com/android/build/gradle/internal/scope/VariantScopeImpl$$Lambda$593
instanceKlass com/android/build/gradle/internal/scope/VariantScopeImpl$$Lambda$592
instanceKlass com/android/build/gradle/internal/scope/VariantScopeImpl$$Lambda$591
instanceKlass com/android/build/gradle/internal/tasks/MergeFileTask$Companion
instanceKlass com/android/build/gradle/tasks/ExtractAnnotations$CreationAction$$Lambda$590
instanceKlass com/android/build/gradle/internal/utils/AndroidXDependency$Companion
instanceKlass com/android/build/gradle/internal/utils/AndroidXDependency
instanceKlass com/android/build/gradle/internal/tasks/LibraryAarJarsTask$CreationAction$configure$4
instanceKlass com/android/build/gradle/internal/tasks/LibraryAarJarsTask$CreationAction$configure$3
instanceKlass com/android/build/gradle/internal/tasks/LibraryAarJarsTask$CreationAction$configure$2
instanceKlass com/android/build/gradle/internal/tasks/LibraryAarJarsTask$CreationAction$configure$1
instanceKlass com/android/build/gradle/internal/tasks/LibraryAarJarsTask$Companion
instanceKlass org/gradle/execution/plan/ActionNode$$Lambda$589
instanceKlass org/gradle/api/internal/artifacts/transform/DefaultExecutionGraphDependenciesResolver$FinalizeTransformDependencies
instanceKlass org/gradle/api/internal/artifacts/transform/DefaultExecutionGraphDependenciesResolver$$Lambda$588
instanceKlass org/gradle/api/internal/artifacts/transform/DefaultExecutionGraphDependenciesResolver$$Lambda$587
instanceKlass org/gradle/api/internal/tasks/properties/bean/AbstractNestedRuntimeBeanNode$BeanPropertyValue$$Lambda$586
instanceKlass com/android/build/gradle/internal/tasks/DexArchiveBuilderTaskKt
instanceKlass com/android/build/gradle/internal/dexing/DxDexParameters
instanceKlass com/android/build/gradle/internal/dexing/DexParameters
instanceKlass com/android/build/gradle/internal/tasks/DexArchiveBuilderTask$CreationAction$configure$1
instanceKlass com/android/build/gradle/internal/tasks/DxDexParameterInputs
instanceKlass com/android/build/gradle/internal/tasks/DexParameterInputs
instanceKlass org/gradle/api/internal/artifacts/transform/DefaultTransformationDependency
instanceKlass org/gradle/api/internal/artifacts/transform/TransformationDependency
instanceKlass org/gradle/api/internal/artifacts/transform/DefaultTransformationNodeRegistry$ArtifactTransformKey
instanceKlass org/gradle/api/internal/artifacts/ivyservice/resolveengine/artifact/ArtifactBackedResolvedVariant$SingleLocalArtifactSet
instanceKlass org/gradle/api/internal/artifacts/transform/DefaultTransformationNodeRegistry$$Lambda$585
instanceKlass org/gradle/api/internal/artifacts/ivyservice/resolveengine/artifact/ResolvedArtifactSet$LocalArtifactVisitor
instanceKlass org/gradle/api/internal/artifacts/transform/DefaultTransformationNodeRegistry$$Lambda$584
instanceKlass org/gradle/api/internal/artifacts/transform/DefaultExecutionGraphDependenciesResolver$1
instanceKlass org/gradle/api/internal/artifacts/transform/ArtifactTransformDependencies
instanceKlass org/gradle/api/internal/artifacts/transform/DefaultExecutionGraphDependenciesResolver
instanceKlass org/gradle/api/internal/artifacts/transform/AbstractTransformedArtifactSet
instanceKlass org/gradle/api/internal/artifacts/transform/AttributeMatchingVariantSelector$$Lambda$583
instanceKlass org/gradle/api/internal/artifacts/transform/AttributeMatchingVariantSelector$$Lambda$582
instanceKlass org/gradle/api/internal/artifacts/transform/TransformationChain
instanceKlass org/gradle/api/internal/artifacts/transform/SingleMatchConsumerVariantMatchResult
instanceKlass org/gradle/api/internal/artifacts/transform/ConsumerVariantMatchResult$ConsumerVariant
instanceKlass com/android/build/gradle/internal/dependency/VariantDependencies$$Lambda$581
instanceKlass com/android/build/gradle/tasks/MergeSourceSetFolders$MergeJniLibFoldersCreationAction$configure$2
instanceKlass com/android/build/gradle/tasks/MergeSourceSetFolders$MergeJniLibFoldersCreationAction$configure$1
instanceKlass com/android/build/gradle/tasks/MergeSourceSetFolders$MergeJniLibFoldersCreationAction$configure$assetDirFunction$1
instanceKlass com/android/build/gradle/internal/tasks/MergeNativeLibsTaskKt
instanceKlass com/android/build/gradle/internal/tasks/MergeNativeLibsTask$CreationAction$configure$1
instanceKlass com/android/build/gradle/internal/tasks/MergeNativeLibsTask$Companion$predicate$1
instanceKlass com/android/build/gradle/internal/tasks/MergeNativeLibsTask$Companion
instanceKlass com/android/build/gradle/internal/dependency/VariantDependencies$$Lambda$580
instanceKlass com/android/build/gradle/internal/tasks/DxStateBuildService
instanceKlass com/android/build/gradle/internal/packaging/SerializablePackagingOptions
instanceKlass com/android/build/gradle/internal/tasks/StripDebugSymbolsTask$CreationAction$configure$1
instanceKlass org/gradle/api/internal/tasks/DefaultTaskOutputs$2
instanceKlass com/android/build/gradle/internal/tasks/ValidateSigningTask$CreationAction$configure$1
instanceKlass com/android/build/gradle/internal/signing/SigningConfigProviderParams
instanceKlass com/android/build/gradle/tasks/CompatibleScreensManifest$CreationAction$configure$2
instanceKlass com/android/build/gradle/tasks/ProcessApplicationManifest$CreationAction$configure$4
instanceKlass com/android/build/gradle/tasks/ProcessApplicationManifest$sam$java_util_concurrent_Callable$0
instanceKlass com/android/build/gradle/tasks/ProcessApplicationManifest$CreationAction$configure$2
instanceKlass com/android/build/gradle/tasks/ProcessApplicationManifest$CreationAction$configure$1
instanceKlass com/android/build/gradle/tasks/ProcessApplicationManifest$Companion
instanceKlass com/android/build/gradle/tasks/MergeSourceSetFolders$MergeShaderSourceFoldersCreationAction$configure$2
instanceKlass com/android/build/gradle/tasks/MergeSourceSetFolders$MergeShaderSourceFoldersCreationAction$configure$1
instanceKlass com/android/build/gradle/tasks/MergeSourceSetFolders$MergeShaderSourceFoldersCreationAction$configure$assetDirFunction$1
instanceKlass com/android/build/gradle/tasks/ShaderCompile$$Lambda$579
instanceKlass com/android/build/gradle/tasks/ShaderCompile$$Lambda$578
instanceKlass com/google/common/collect/AbstractMapBasedMultimap$KeySet$1
instanceKlass com/android/builder/internal/compiler/ShaderProcessor
instanceKlass com/android/builder/internal/compiler/DirectoryWalker$FileAction
instanceKlass org/gradle/api/internal/artifacts/transform/NoMatchConsumerVariantMatchResult
instanceKlass org/gradle/api/internal/artifacts/transform/MutableConsumerVariantMatchResult
instanceKlass org/gradle/api/internal/artifacts/transform/ConsumerProvidedVariantFinder$$Lambda$577
instanceKlass org/gradle/api/internal/artifacts/transform/ConsumerVariantMatchResult
instanceKlass org/gradle/api/internal/artifacts/transform/ConsumerProvidedVariantFinder$AttributeSpecificCache
instanceKlass com/android/build/gradle/internal/services/Aapt2DaemonServiceKey
instanceKlass com/android/build/gradle/internal/workeractions/WorkerActionServiceRegistry$ServiceKey
instanceKlass com/android/build/gradle/internal/workeractions/WorkerActionServiceRegistry
instanceKlass com/android/ide/common/workers/WorkerExecutorFacade$Configuration
instanceKlass com/android/build/gradle/internal/AndroidJarInput$getAndroidJar$1
instanceKlass com/android/build/gradle/internal/scope/SplitList$SplitAction
instanceKlass java/lang/SafeVarargs
instanceKlass com/android/build/api/variant/impl/VariantOutputImpl$SerializedForm
instanceKlass com/android/build/gradle/internal/TaskManager$$Lambda$576
instanceKlass com/google/common/base/ExtraObjectsMethodsForWeb
instanceKlass org/jetbrains/kotlin/gradle/plugin/android/AndroidGradleWrapperKt
instanceKlass org/jetbrains/kotlin/gradle/plugin/android/AndroidGradleWrapper
instanceKlass org/jetbrains/kotlin/gradle/plugin/mpp/CompilationSourceSetUtil$TargetCompilationName$Companion
instanceKlass org/jetbrains/kotlin/gradle/plugin/mpp/CompilationSourceSetUtil$TargetCompilationName
instanceKlass org/jetbrains/kotlin/gradle/dsl/KotlinTargetContainerWithPresetFunctions
instanceKlass org/jetbrains/kotlin/gradle/plugin/KotlinTargetsContainerWithPresets
instanceKlass org/jetbrains/kotlin/gradle/plugin/KotlinTargetsContainer
instanceKlass org/jetbrains/kotlin/gradle/plugin/mpp/CompilationSourceSetUtil$compilationsBySourceSets$compilationNamesBySourceSetName$1
instanceKlass org/jetbrains/kotlin/gradle/plugin/mpp/CompilationSourceSetUtil
instanceKlass com/google/android/gms/dependencies/VersionEvaluators$AlwaysCompatibleEvaluator
instanceKlass com/google/android/gms/dependencies/VersionEvaluator
instanceKlass com/google/android/gms/dependencies/VersionEvaluators
instanceKlass com/google/android/gms/dependencies/Artifact$Companion
instanceKlass com/google/android/gms/dependencies/Dependency$Companion
instanceKlass com/google/android/gms/dependencies/ArtifactVersion$Companion
instanceKlass org/gradle/api/internal/artifacts/result/DefaultResolutionResult$$Lambda$575
instanceKlass org/gradle/api/internal/artifacts/repositories/resolver/AbstractDependencyMetadataAdapter
instanceKlass org/gradle/internal/component/model/AttributeSelectionUtils
instanceKlass org/gradle/api/internal/attributes/DefaultAttributesSchema$ExtraAttributesEntry
instanceKlass org/gradle/internal/component/model/DependencyMetadataRules$$Lambda$574
instanceKlass org/gradle/internal/component/model/DependencyMetadataRules$$Lambda$573
instanceKlass org/gradle/internal/component/model/DependencyMetadataRules
instanceKlass org/gradle/internal/component/external/model/VariantMetadataRules$VariantAction
instanceKlass com/android/build/gradle/internal/dependency/AndroidXDependencySubstitution$replaceOldSupportLibraries$1$1$1
instanceKlass org/gradle/api/internal/artifacts/repositories/resolver/VariantMetadataAdapter
instanceKlass com/android/build/gradle/internal/dependency/AndroidXDependencySubstitution$replaceOldSupportLibraries$1$1
instanceKlass org/gradle/api/artifacts/DirectDependenciesMetadata
instanceKlass org/gradle/api/artifacts/DependenciesMetadata
instanceKlass org/gradle/api/artifacts/VariantMetadata
instanceKlass org/gradle/api/internal/artifacts/repositories/resolver/ComponentMetadataDetailsAdapter
instanceKlass org/gradle/internal/component/model/MutableModuleSources$$Lambda$572
instanceKlass org/gradle/api/artifacts/DependencyArtifactSelector
instanceKlass org/gradle/api/internal/artifacts/ivyservice/dependencysubstitution/DefaultArtifactSelectionDetails
instanceKlass org/gradle/api/internal/artifacts/ivyservice/dependencysubstitution/DefaultDependencySubstitutionApplicator
instanceKlass org/gradle/api/internal/artifacts/ivyservice/dependencysubstitution/CachingDependencySubstitutionApplicator
instanceKlass org/gradle/internal/Actions$CompositeAction
instanceKlass org/gradle/api/internal/artifacts/ivyservice/dependencysubstitution/DefaultDependencySubstitutions$1$$Lambda$571
instanceKlass org/gradle/api/internal/artifacts/ivyservice/dependencysubstitution/DefaultDependencySubstitutions$AbstractDependencySubstitutionAction
instanceKlass org/gradle/api/internal/artifacts/ivyservice/dependencysubstitution/ArtifactSelectionDetailsInternal
instanceKlass org/gradle/api/artifacts/ArtifactSelectionDetails
instanceKlass org/gradle/api/internal/artifacts/ivyservice/dependencysubstitution/DefaultDependencySubstitution
instanceKlass org/gradle/api/internal/artifacts/ivyservice/dependencysubstitution/DefaultDependencySubstitutions$1
instanceKlass org/gradle/api/internal/artifacts/ivyservice/dependencysubstitution/UnversionedModuleComponentSelector
instanceKlass org/gradle/api/internal/notations/ModuleNotationValidation
instanceKlass org/gradle/internal/typeconversion/CrossBuildCachingNotationConverter$$Lambda$570
instanceKlass com/android/build/gradle/internal/dependency/AndroidXDependencySubstitution$replaceOldSupportLibraries$2$1$1
instanceKlass org/gradle/api/internal/artifacts/ivyservice/resolveengine/artifact/DefaultVisitedArtifactResults$NoArtifactResults
instanceKlass com/android/build/gradle/tasks/AidlCompile$getAidlFrameworkProvider$1
instanceKlass com/android/build/gradle/internal/core/VariantSources$aidlSourceList$1
instanceKlass org/codehaus/groovy/runtime/StringGroovyMethods$1
instanceKlass org/gradle/api/internal/tasks/properties/AbstractPropertySpec
instanceKlass org/gradle/api/internal/tasks/properties/CacheableOutputFilePropertySpec
instanceKlass org/gradle/api/internal/tasks/properties/GetOutputFilesVisitor$$Lambda$569
instanceKlass org/gradle/api/internal/tasks/properties/OutputFilePropertySpec
instanceKlass org/gradle/api/internal/tasks/properties/FilePropertySpec
instanceKlass org/gradle/api/internal/tasks/properties/PropertySpec
instanceKlass org/gradle/api/internal/artifacts/ivyservice/resolveengine/artifact/BuildDependenciesOnlyVisitedArtifactSet$BuildDependenciesOnlySelectedArtifactSet
instanceKlass org/gradle/api/internal/artifacts/ivyservice/resolveengine/artifact/LocalFileDependencyBackedArtifactSet
instanceKlass org/gradle/api/internal/artifacts/ivyservice/resolveengine/artifact/LocalDependencyFiles
instanceKlass java/lang/invoke/LambdaForm$MH
instanceKlass org/gradle/api/internal/artifacts/ivyservice/projectmodule/ProjectArtifactSetResolver$$Lambda$568
instanceKlass org/gradle/internal/component/model/VariantWithOverloadAttributes
instanceKlass org/gradle/api/internal/artifacts/ivyservice/resolveengine/artifact/FileDependencyArtifactSet
instanceKlass org/gradle/internal/component/model/DefaultMultipleCandidateResult
instanceKlass java/lang/invoke/LambdaForm$MH
instanceKlass java/lang/invoke/LambdaForm$DMH
instanceKlass com/android/build/gradle/tasks/MergeResources$CreationAction$$Lambda$567
instanceKlass java/lang/invoke/LambdaForm$DMH
instanceKlass com/android/build/gradle/internal/api/DefaultAndroidSourceDirectorySet$getBuildableArtifact$1
instanceKlass com/android/build/gradle/tasks/MergeResources$CreationAction$$Lambda$566
instanceKlass com/android/build/gradle/internal/DependencyResourcesComputer
instanceKlass com/android/ide/common/resources/MergeWriter
instanceKlass com/android/ide/common/resources/DataMerger
instanceKlass com/android/build/gradle/internal/scope/GlobalScope$$Lambda$565
instanceKlass com/android/build/gradle/internal/scope/GlobalScope$$Lambda$564
instanceKlass com/android/build/gradle/internal/tasks/PrepareLintJarForPublish$Companion
instanceKlass com/android/build/gradle/internal/tasks/MergeJavaResourceTask$Companion$predicate$1
instanceKlass com/android/build/gradle/internal/tasks/MergeJavaResourceTask$Companion
instanceKlass com/android/build/gradle/internal/tasks/MergeJavaResourceTaskKt$getProjectJavaRes$1
instanceKlass com/android/build/gradle/internal/tasks/MergeJavaResourceTaskKt
instanceKlass com/android/build/gradle/internal/core/VariantDslInfoImplKt$WhenMappings
instanceKlass com/android/build/gradle/internal/core/VariantDslInfoImplKt
instanceKlass com/android/build/gradle/internal/tasks/ExportConsumerProguardFilesTask$Companion
instanceKlass com/android/build/gradle/internal/tasks/AarMetadataTask$Companion
instanceKlass com/android/build/gradle/internal/scope/GlobalScope$$Lambda$563
instanceKlass com/android/build/gradle/internal/scope/GlobalScope$$Lambda$562
instanceKlass com/android/build/gradle/internal/core/VariantSources$renderscriptSourceList$1
instanceKlass com/android/build/gradle/internal/core/VariantDslInfoImpl$versionCode$2
instanceKlass com/android/build/gradle/internal/core/VariantDslInfoImpl$versionName$2
instanceKlass com/android/build/gradle/tasks/ProcessLibraryManifest$CreationAction$configure$4
instanceKlass com/android/build/gradle/tasks/ProcessLibraryManifest$sam$java_util_concurrent_Callable$0
instanceKlass com/android/build/gradle/tasks/ProcessLibraryManifest$CreationAction$configure$2
instanceKlass com/android/build/gradle/tasks/ProcessLibraryManifest$CreationAction$configure$1
instanceKlass com/android/build/gradle/tasks/ManifestProcessorTask$Companion
instanceKlass com/android/manifmerger/MergingReport
instanceKlass com/android/build/gradle/internal/databinding/DataBindingExcludeDelegateKt
instanceKlass com/android/build/gradle/internal/tasks/BundleLibraryClassesKt
instanceKlass com/android/build/gradle/internal/databinding/DataBindingExcludeDelegate
instanceKlass org/gradle/api/internal/artifacts/ivyservice/projectmodule/DefaultProjectLocalComponentProvider$$Lambda$561
instanceKlass org/gradle/api/internal/artifacts/ivyservice/moduleconverter/dependencies/DefaultLocalConfigurationMetadataBuilder$DefaultLocalFileDependencyMetadata
instanceKlass com/android/build/gradle/internal/scope/GlobalScope$$Lambda$560
instanceKlass com/android/build/gradle/internal/scope/GlobalScope$$Lambda$559
instanceKlass com/android/build/gradle/internal/scope/GlobalScope$$Lambda$558
instanceKlass com/android/build/gradle/internal/scope/GlobalScope$$Lambda$557
instanceKlass com/android/build/gradle/internal/scope/GlobalScope$$Lambda$556
instanceKlass com/android/build/gradle/internal/tasks/ProguardConfigurableTask$CreationAction$applyProguardConfigForNonTest$proguardConfigFiles$1
instanceKlass com/android/build/gradle/internal/tasks/R8Task$Companion
instanceKlass com/android/build/gradle/internal/tasks/featuresplit/PackagedDependenciesWriterTaskKt$aarOrJarType$1
instanceKlass com/android/build/gradle/internal/tasks/featuresplit/PackagedDependenciesWriterTaskKt
instanceKlass com/android/build/gradle/internal/tasks/featuresplit/PackagedDependenciesWriterTask$CreationAction$configure$1
instanceKlass com/android/build/gradle/tasks/ExtractDeepLinksTask$CreationAction$configure$1$1
instanceKlass com/android/build/gradle/tasks/ExtractDeepLinksTask$CreationAction$configure$1
instanceKlass com/android/ide/common/resources/NoOpResourcePreprocessor
instanceKlass com/android/ide/common/resources/AndroidAaptIgnore
instanceKlass com/android/ide/common/resources/PatternBasedFileFilter
instanceKlass com/android/ide/common/rendering/api/ResourceNamespace
instanceKlass com/android/ide/common/resources/DataFile
instanceKlass com/android/build/gradle/internal/tasks/featuresplit/FeatureSetMetadata
instanceKlass org/gradle/api/internal/artifacts/ivyservice/moduleconverter/DefaultLocalComponentMetadataBuilder$NestedVariantIdentifier
instanceKlass org/gradle/internal/component/local/model/PublishArtifactLocalArtifactMetadata
instanceKlass org/gradle/api/internal/artifacts/ivyservice/ivyresolve/NoRepositoriesResolver
instanceKlass org/gradle/api/internal/artifacts/ivyservice/InMemoryResolutionResultBuilder
instanceKlass org/gradle/api/internal/tasks/FailureCollectingTaskDependencyResolveContext
instanceKlass org/gradle/api/internal/artifacts/configurations/DefaultConfiguration$$Lambda$555
instanceKlass org/gradle/api/internal/file/DefaultProjectLayout$1
instanceKlass com/android/build/gradle/internal/scope/BootClasspathBuilder$computeAdditionalAndRequestedOptionalLibraries$4$1
instanceKlass com/android/build/gradle/internal/scope/BootClasspathBuilder$computeAdditionalAndRequestedOptionalLibraries$6
instanceKlass com/android/build/gradle/internal/scope/BootClasspathBuilder$computeAdditionalAndRequestedOptionalLibraries$5
instanceKlass com/android/build/gradle/internal/scope/BootClasspathBuilder$computeAdditionalAndRequestedOptionalLibraries$4
instanceKlass com/android/build/gradle/internal/scope/BootClasspathBuilder$computeAdditionalAndRequestedOptionalLibraries$3
instanceKlass com/android/build/gradle/internal/scope/BootClasspathBuilder$computeAdditionalAndRequestedOptionalLibraries$2
instanceKlass com/android/build/gradle/internal/scope/BootClasspathBuilder$computeAdditionalAndRequestedOptionalLibraries$1
instanceKlass com/android/build/gradle/internal/scope/BootClasspathBuilder$CacheKey
instanceKlass com/android/build/gradle/internal/SdkDirectLoadingStrategy$DirectLoadComponents
instanceKlass com/android/sdklib/repository/targets/OptionalLibraryImpl
instanceKlass com/google/common/io/Files$3
instanceKlass com/google/common/collect/FluentIterable
instanceKlass com/google/common/io/ByteSource
instanceKlass com/google/common/io/ByteSink
instanceKlass com/google/common/io/LineProcessor
instanceKlass com/google/common/graph/SuccessorsFunction
instanceKlass com/google/common/collect/TreeTraverser
instanceKlass com/google/common/io/Files
instanceKlass com/android/sdklib/repository/targets/PlatformTarget$Library
instanceKlass com/android/sdklib/repository/targets/PlatformTarget
instanceKlass com/android/sdklib/IAndroidTarget
instanceKlass com/android/build/gradle/internal/PlatformComponents$Companion
instanceKlass com/android/build/gradle/internal/PlatformComponents
instanceKlass com/sun/xml/bind/v2/runtime/unmarshaller/DefaultIDResolver$1
instanceKlass com/sun/xml/bind/DatatypeConverterImpl
instanceKlass javax/xml/bind/DatatypeConverterInterface
instanceKlass org/xml/sax/helpers/AttributesImpl
instanceKlass com/sun/org/apache/xerces/internal/parsers/AbstractSAXParser$LocatorProxy
instanceKlass org/xml/sax/ext/Locator2
instanceKlass com/sun/org/apache/xerces/internal/util/ErrorHandlerWrapper
instanceKlass com/sun/org/apache/xerces/internal/xni/parser/XMLErrorHandler
instanceKlass com/sun/org/apache/xerces/internal/impl/ExternalSubsetResolver
instanceKlass com/sun/org/apache/xerces/internal/util/EntityResolverWrapper
instanceKlass org/xml/sax/ext/EntityResolver2
instanceKlass com/sun/xml/bind/v2/runtime/unmarshaller/TagName
instanceKlass com/sun/xml/bind/v2/runtime/unmarshaller/SAXConnector
instanceKlass com/sun/org/apache/xerces/internal/parsers/AbstractSAXParser$AttributesProxy
instanceKlass org/xml/sax/ext/Attributes2
instanceKlass org/xml/sax/AttributeList
instanceKlass org/xml/sax/Parser
instanceKlass javax/xml/parsers/SAXParser
instanceKlass com/sun/org/apache/xerces/internal/xs/PSVIProvider
instanceKlass org/xml/sax/helpers/XMLFilterImpl
instanceKlass javax/xml/transform/sax/SAXSource
instanceKlass com/android/repository/impl/meta/SchemaModuleUtil$$Lambda$554
instanceKlass java/lang/invoke/LambdaForm$DMH
instanceKlass com/sun/xml/bind/v2/runtime/unmarshaller/UnmarshallingContext$State
instanceKlass com/sun/xml/bind/v2/runtime/unmarshaller/Scope
instanceKlass javax/xml/bind/ValidationEventLocator
instanceKlass com/sun/xml/bind/v2/runtime/unmarshaller/LocatorExWrapper
instanceKlass org/xml/sax/helpers/LocatorImpl
instanceKlass com/sun/xml/bind/v2/runtime/Coordinator
instanceKlass com/sun/xml/bind/v2/runtime/unmarshaller/XmlVisitor$TextPredictor
instanceKlass javax/xml/bind/helpers/DefaultValidationEventHandler
instanceKlass org/xml/sax/helpers/DefaultHandler
instanceKlass javax/xml/bind/UnmarshallerHandler
instanceKlass com/sun/xml/bind/v2/runtime/unmarshaller/XmlVisitor
instanceKlass com/sun/xml/bind/IDResolver
instanceKlass javax/xml/bind/helpers/AbstractUnmarshallerImpl
instanceKlass javax/xml/bind/ValidationEventHandler
instanceKlass com/sun/xml/bind/v2/runtime/NameList
instanceKlass com/sun/xml/bind/v2/runtime/unmarshaller/ChildLoader
instanceKlass com/sun/xml/bind/v2/runtime/property/ArrayERProperty$ReceiverImpl
instanceKlass com/sun/xml/bind/v2/runtime/unmarshaller/StructureLoader$1
instanceKlass com/sun/xml/bind/v2/runtime/property/UnmarshallerChain
instanceKlass javax/xml/bind/annotation/W3CDomHandler
instanceKlass javax/xml/bind/annotation/DomHandler
instanceKlass com/sun/xml/bind/v2/runtime/ElementBeanInfoImpl$1
instanceKlass javax/xml/bind/JAXBElement$GlobalScope
instanceKlass com/sun/xml/bind/v2/runtime/Utils$1
instanceKlass com/sun/xml/bind/v2/runtime/Utils
instanceKlass com/sun/xml/bind/v2/runtime/unmarshaller/Intercepter
instanceKlass com/sun/xml/bind/v2/runtime/unmarshaller/Patcher
instanceKlass com/sun/xml/bind/v2/runtime/unmarshaller/LocatorEx
instanceKlass com/sun/xml/bind/v2/runtime/property/TagAndType
instanceKlass com/sun/xml/bind/v2/runtime/JaxBeanInfo$1
instanceKlass com/sun/xml/bind/v2/runtime/LifecycleMethods
instanceKlass com/sun/xml/bind/v2/runtime/Name
instanceKlass com/sun/xml/bind/v2/runtime/reflect/TransducedAccessor
instanceKlass com/sun/xml/bind/v2/ClassFactory
instanceKlass com/sun/xml/bind/v2/runtime/reflect/Lister$2
instanceKlass com/sun/xml/bind/v2/runtime/reflect/ListIterator
instanceKlass com/sun/xml/bind/v2/runtime/reflect/Lister
instanceKlass com/sun/xml/bind/v2/runtime/property/Utils$1
instanceKlass com/sun/xml/bind/v2/runtime/property/Utils
instanceKlass com/sun/xml/bind/v2/runtime/property/PropertyFactory$1
instanceKlass com/sun/xml/bind/v2/runtime/property/PropertyFactory
instanceKlass com/sun/xml/bind/v2/runtime/property/PropertyImpl
instanceKlass com/sun/xml/bind/v2/runtime/property/Property
instanceKlass com/sun/xml/bind/v2/runtime/property/StructureLoaderBuilder
instanceKlass com/sun/xml/bind/v2/runtime/unmarshaller/Loader
instanceKlass com/sun/xml/bind/v2/runtime/FilterTransducer
instanceKlass com/sun/xml/bind/v2/util/FlattenIterator
instanceKlass com/android/sdklib/repository/meta/DetailsTypes$MavenType
instanceKlass java/lang/Package$1PackageInfoProxy
instanceKlass com/sun/xml/bind/api/impl/NameUtil
instanceKlass com/sun/xml/bind/api/impl/NameConverter
instanceKlass com/android/repository/impl/meta/Archive$HostConfig
instanceKlass com/sun/xml/bind/v2/model/impl/GetterSetterPropertySeed
instanceKlass javax/xml/bind/annotation/XmlElement$DEFAULT
instanceKlass com/android/repository/api/RepositorySource
instanceKlass javax/xml/bind/annotation/XmlSeeAlso
instanceKlass com/sun/xml/bind/v2/model/annotation/ClassLocatable
instanceKlass com/sun/xml/bind/v2/model/nav/ReflectionNavigator$10
instanceKlass com/sun/xml/bind/v2/model/annotation/MethodLocatable
instanceKlass com/sun/xml/bind/v2/model/impl/AttributePropertyInfoImpl$1
instanceKlass javax/xml/bind/annotation/XmlSchemaType$DEFAULT
instanceKlass com/sun/xml/bind/v2/runtime/reflect/Utils$1
instanceKlass com/sun/xml/bind/v2/runtime/reflect/Utils
instanceKlass com/sun/xml/bind/v2/model/core/Adapter
instanceKlass javax/xml/bind/annotation/adapters/XmlAdapter
instanceKlass javax/xml/bind/annotation/adapters/XmlJavaTypeAdapter$DEFAULT
instanceKlass com/sun/xml/bind/v2/model/impl/PropertyInfoImpl$1
instanceKlass com/sun/xml/bind/v2/TODO
instanceKlass com/sun/xml/bind/annotation/XmlLocation
instanceKlass javax/xml/bind/annotation/XmlSchemaTypes
instanceKlass com/sun/xml/bind/v2/model/nav/ParameterizedTypeImpl
instanceKlass com/sun/xml/bind/v2/model/nav/ReflectionNavigator$BinderArg
instanceKlass javax/xml/bind/annotation/adapters/XmlJavaTypeAdapters
instanceKlass com/sun/xml/bind/v2/model/impl/Util
instanceKlass com/sun/xml/bind/v2/model/impl/TypeRefImpl
instanceKlass com/sun/xml/bind/v2/model/impl/ClassInfoImpl$1
instanceKlass com/sun/xml/bind/v2/model/impl/FieldPropertySeed
instanceKlass com/sun/xml/bind/v2/model/impl/RuntimeClassInfoImpl$RuntimePropertySeed
instanceKlass com/sun/xml/bind/v2/model/nav/ReflectionNavigator$3
instanceKlass com/sun/xml/bind/AccessorFactoryImpl
instanceKlass com/sun/xml/bind/InternalAccessorFactory
instanceKlass javax/xml/bind/annotation/XmlAccessorOrder
instanceKlass com/sun/xml/bind/annotation/OverrideAnnotationOf
instanceKlass javax/xml/bind/annotation/XmlMixed
instanceKlass javax/xml/bind/annotation/XmlAnyElement
instanceKlass javax/xml/bind/annotation/XmlElements
instanceKlass javax/xml/bind/annotation/XmlAnyAttribute
instanceKlass javax/xml/bind/annotation/XmlList
instanceKlass javax/xml/bind/annotation/XmlElementWrapper
instanceKlass javax/xml/bind/annotation/XmlMimeType
instanceKlass javax/xml/bind/annotation/XmlInlineBinaryData
instanceKlass javax/xml/bind/annotation/XmlIDREF
instanceKlass javax/xml/bind/annotation/XmlID
instanceKlass com/sun/xml/bind/AccessorFactory
instanceKlass com/sun/xml/bind/v2/runtime/reflect/Accessor
instanceKlass com/sun/xml/bind/v2/runtime/unmarshaller/Receiver
instanceKlass com/sun/xml/bind/v2/model/runtime/RuntimeAttributePropertyInfo
instanceKlass com/sun/xml/bind/v2/model/core/AttributePropertyInfo
instanceKlass com/sun/xml/bind/v2/model/runtime/RuntimeMapPropertyInfo
instanceKlass com/sun/xml/bind/v2/model/core/MapPropertyInfo
instanceKlass com/sun/xml/bind/v2/model/runtime/RuntimeReferencePropertyInfo
instanceKlass com/sun/xml/bind/v2/model/runtime/RuntimeValuePropertyInfo
instanceKlass com/sun/xml/bind/v2/model/core/ValuePropertyInfo
instanceKlass com/sun/xml/bind/v2/model/impl/DummyPropertyInfo
instanceKlass com/sun/xml/bind/v2/model/core/ReferencePropertyInfo
instanceKlass com/sun/xml/bind/v2/model/impl/PropertyInfoImpl
instanceKlass com/sun/xml/bind/v2/model/impl/PropertySeed
instanceKlass javax/xml/bind/annotation/XmlType$DEFAULT
instanceKlass javax/xml/bind/annotation/XmlAccessorType
instanceKlass javax/xml/bind/annotation/XmlAttachmentRef
instanceKlass javax/xml/bind/annotation/adapters/XmlJavaTypeAdapter
instanceKlass com/sun/xml/bind/v2/model/runtime/RuntimeTypeRef
instanceKlass com/sun/xml/bind/v2/model/runtime/RuntimeNonElementRef
instanceKlass com/sun/xml/bind/v2/model/runtime/RuntimeElementPropertyInfo
instanceKlass com/sun/xml/bind/v2/model/runtime/RuntimePropertyInfo
instanceKlass com/sun/xml/bind/v2/model/impl/ElementInfoImpl$PropertyImpl
instanceKlass com/sun/xml/bind/v2/model/core/TypeRef
instanceKlass com/sun/xml/bind/v2/model/core/NonElementRef
instanceKlass com/sun/xml/bind/v2/model/core/ElementPropertyInfo
instanceKlass com/sun/xml/bind/v2/model/core/PropertyInfo
instanceKlass com/sun/xml/bind/v2/model/annotation/AnnotationSource
instanceKlass javax/xml/bind/annotation/XmlElementDecl$GLOBAL
instanceKlass com/android/repository/impl/meta/TypeDetails
instanceKlass javax/xml/bind/JAXBElement
instanceKlass com/sun/xml/bind/v2/model/nav/ReflectionNavigator$5
instanceKlass com/sun/xml/bind/v2/model/nav/ReflectionNavigator$4
instanceKlass com/sun/xml/bind/v2/model/impl/RegistryInfoImpl
instanceKlass com/sun/xml/bind/v2/model/annotation/SecureLoader
instanceKlass javax/xml/bind/annotation/XmlValue
instanceKlass javax/xml/bind/annotation/XmlType
instanceKlass javax/xml/bind/annotation/XmlTransient
instanceKlass javax/xml/bind/annotation/XmlSchemaType
instanceKlass javax/xml/bind/annotation/XmlRootElement
instanceKlass javax/xml/bind/annotation/XmlEnum
instanceKlass javax/xml/bind/annotation/XmlElementRefs
instanceKlass javax/xml/bind/annotation/XmlElementRef
instanceKlass javax/xml/bind/annotation/XmlElementDecl
instanceKlass javax/xml/bind/annotation/XmlElement
instanceKlass javax/xml/bind/annotation/XmlAttribute
instanceKlass com/sun/xml/bind/v2/model/annotation/Quick
instanceKlass com/sun/xml/bind/v2/model/annotation/Init
instanceKlass com/sun/xml/bind/v2/model/annotation/LocatableAnnotation
instanceKlass javax/xml/bind/annotation/XmlRegistry
instanceKlass com/sun/xml/bind/v2/model/core/Ref
instanceKlass com/sun/xml/bind/api/CompositeStructure
instanceKlass com/sun/xml/bind/v2/runtime/IllegalAnnotationsException$Builder
instanceKlass com/sun/xml/bind/v2/runtime/RuntimeUtil
instanceKlass com/sun/xml/bind/v2/model/impl/AnyTypeImpl
instanceKlass com/sun/xml/bind/v2/model/impl/TypeInfoSetImpl$1
instanceKlass com/sun/xml/bind/v2/model/impl/RuntimeBuiltinLeafInfoImpl$28
instanceKlass javax/xml/datatype/Duration
instanceKlass javax/xml/namespace/NamespaceContext
instanceKlass javax/xml/datatype/XMLGregorianCalendar
instanceKlass javax/xml/transform/Result
instanceKlass javax/activation/DataHandler
instanceKlass java/awt/datatransfer/Transferable
instanceKlass javax/activation/DataSource
instanceKlass java/awt/image/WritableRenderedImage
instanceKlass com/sun/xml/bind/v2/runtime/output/Pcdata
instanceKlass javax/xml/bind/ValidationEvent
instanceKlass java/awt/image/RenderedImage
instanceKlass javax/xml/datatype/DatatypeConstants$Field
instanceKlass javax/xml/datatype/DatatypeConstants
instanceKlass com/sun/xml/bind/v2/model/impl/RuntimeBuiltinLeafInfoImpl$1
instanceKlass com/sun/xml/bind/v2/model/impl/LeafInfoImpl
instanceKlass com/sun/xml/bind/v2/model/runtime/RuntimeBuiltinLeafInfo
instanceKlass com/sun/xml/bind/v2/model/core/BuiltinLeafInfo
instanceKlass com/sun/xml/bind/v2/model/impl/ModelBuilder$1
instanceKlass com/sun/xml/bind/v2/model/impl/Utils$1
instanceKlass com/sun/xml/bind/v2/model/nav/TypeVisitor
instanceKlass com/sun/xml/bind/v2/model/nav/ReflectionNavigator
instanceKlass com/sun/xml/bind/v2/model/nav/Navigator
instanceKlass com/sun/xml/bind/v2/model/impl/Utils
instanceKlass com/sun/xml/bind/WhiteSpaceProcessor
instanceKlass com/sun/xml/bind/v2/model/runtime/RuntimeClassInfo
instanceKlass com/sun/xml/bind/v2/model/core/ClassInfo
instanceKlass com/sun/xml/bind/v2/model/runtime/RuntimeArrayInfo
instanceKlass com/sun/xml/bind/v2/runtime/Location
instanceKlass com/sun/xml/bind/v2/model/core/ArrayInfo
instanceKlass com/sun/xml/bind/v2/model/runtime/RuntimeElementInfo
instanceKlass com/sun/xml/bind/v2/model/runtime/RuntimeElement
instanceKlass com/sun/xml/bind/v2/model/core/ElementInfo
instanceKlass com/sun/xml/bind/v2/model/runtime/RuntimeTypeInfoSet
instanceKlass com/sun/xml/bind/v2/model/impl/TypeInfoSetImpl
instanceKlass com/sun/xml/bind/v2/runtime/Transducer
instanceKlass com/sun/xml/bind/v2/model/runtime/RuntimeEnumLeafInfo
instanceKlass com/sun/xml/bind/v2/model/impl/TypeInfoImpl
instanceKlass com/sun/xml/bind/v2/model/core/Element
instanceKlass com/sun/xml/bind/v2/model/core/EnumLeafInfo
instanceKlass com/sun/xml/bind/v2/model/core/RegistryInfo
instanceKlass com/sun/xml/bind/v2/model/impl/ModelBuilder
instanceKlass com/sun/xml/bind/v2/model/impl/ModelBuilderI
instanceKlass com/sun/xml/bind/v2/runtime/NameBuilder
instanceKlass com/sun/istack/Pool$Impl
instanceKlass com/sun/xml/bind/v2/util/QNameMap$Entry
instanceKlass com/sun/xml/bind/v2/util/QNameMap
instanceKlass com/sun/xml/bind/v2/runtime/JAXBContextImpl$6
instanceKlass com/sun/xml/bind/api/ErrorListener
instanceKlass javax/xml/bind/JAXBIntrospector
instanceKlass javax/xml/bind/Binder
instanceKlass com/sun/xml/bind/unmarshaller/InfosetScanner
instanceKlass com/sun/xml/bind/v2/model/core/ErrorHandler
instanceKlass javax/xml/bind/Marshaller
instanceKlass com/sun/xml/bind/v2/runtime/AttributeAccessor
instanceKlass com/sun/xml/bind/v2/model/core/TypeInfoSet
instanceKlass com/sun/xml/bind/api/BridgeContext
instanceKlass com/sun/xml/bind/api/RawAccessor
instanceKlass javax/xml/bind/Unmarshaller
instanceKlass com/sun/xml/bind/v2/runtime/JaxBeanInfo
instanceKlass com/sun/xml/bind/api/Bridge
instanceKlass com/sun/xml/bind/v2/model/runtime/RuntimeLeafInfo
instanceKlass com/sun/xml/bind/v2/model/runtime/RuntimeNonElement
instanceKlass com/sun/xml/bind/v2/model/runtime/RuntimeTypeInfo
instanceKlass com/sun/xml/bind/v2/model/core/LeafInfo
instanceKlass com/sun/xml/bind/v2/model/core/MaybeElement
instanceKlass com/sun/xml/bind/v2/model/core/NonElement
instanceKlass com/sun/xml/bind/v2/model/core/TypeInfo
instanceKlass com/sun/xml/bind/v2/model/annotation/Locatable
instanceKlass com/sun/istack/Pool
instanceKlass com/sun/xml/bind/v2/model/annotation/AbstractInlineAnnotationReaderImpl
instanceKlass com/sun/xml/bind/v2/runtime/JAXBContextImpl$JAXBContextBuilder
instanceKlass com/sun/xml/bind/v2/util/TypeCast
instanceKlass com/sun/xml/bind/Util
instanceKlass com/sun/xml/bind/v2/model/annotation/RuntimeAnnotationReader
instanceKlass com/sun/xml/bind/v2/model/annotation/AnnotationReader
instanceKlass com/sun/xml/bind/v2/ContextFactory
instanceKlass javax/xml/bind/GetPropertyAction
instanceKlass javax/xml/bind/ContextFinder
instanceKlass javax/xml/bind/JAXBContext
instanceKlass org/w3c/dom/ls/LSResourceResolver
instanceKlass org/xml/sax/XMLFilter
instanceKlass org/xml/sax/XMLReader
instanceKlass javax/xml/transform/Source
instanceKlass com/android/repository/impl/meta/SchemaModuleUtil
instanceKlass com/android/repository/impl/generated/generic/v1/package-info
instanceKlass com/android/repository/impl/meta/TypeDetails$GenericType
instanceKlass com/android/repository/impl/meta/GenericFactory
instanceKlass com/android/repository/impl/generated/v1/package-info
instanceKlass com/android/repository/impl/meta/RemotePackageImpl$ChannelRef
instanceKlass com/android/repository/api/Channel
instanceKlass com/android/repository/api/License
instanceKlass com/android/repository/impl/meta/RepoPackageImpl$UsesLicense
instanceKlass com/android/repository/impl/meta/RepoPackageImpl$Dependencies
instanceKlass com/android/repository/api/LocalPackage
instanceKlass com/android/repository/impl/meta/RepoPackageImpl
instanceKlass com/android/repository/api/RemotePackage
instanceKlass com/android/repository/api/RepoPackage
instanceKlass com/android/repository/impl/meta/Archive
instanceKlass com/android/repository/api/Repository
instanceKlass com/android/repository/impl/meta/RevisionType
instanceKlass com/android/repository/impl/meta/Archive$PatchesType
instanceKlass com/android/repository/api/Dependency
instanceKlass com/android/repository/impl/meta/RepoPackageImpl$Archives
instanceKlass com/android/repository/impl/meta/Archive$ArchiveFile
instanceKlass com/android/repository/impl/meta/CommonFactory
instanceKlass com/android/repository/api/ProgressRunner
instanceKlass com/android/repository/api/RepoManager
instanceKlass com/android/sdklib/repository/generated/common/v1/package-info
instanceKlass com/android/sdklib/repository/meta/Library
instanceKlass com/android/sdklib/repository/IdDisplay
instanceKlass com/android/sdklib/repository/meta/SdkCommonFactory
instanceKlass com/android/sdklib/repository/generated/sysimg/v1/package-info
instanceKlass com/android/sdklib/repository/meta/DetailsTypes$SysImgDetailsType
instanceKlass com/android/sdklib/repository/meta/SysImgFactory
instanceKlass com/android/sdklib/repository/generated/repository/v1/package-info
instanceKlass com/android/sdklib/repository/meta/DetailsTypes$PlatformDetailsType$LayoutlibType
instanceKlass com/android/sdklib/repository/meta/DetailsTypes$SourceDetailsType
instanceKlass com/android/sdklib/repository/meta/DetailsTypes$PlatformDetailsType
instanceKlass com/android/sdklib/repository/meta/RepoFactory
instanceKlass javax/xml/bind/annotation/XmlNs
instanceKlass com/android/sdklib/repository/generated/addon/v1/package-info
instanceKlass javax/xml/bind/annotation/XmlSchema
instanceKlass com/android/repository/api/SchemaModule$SchemaModuleVersion
instanceKlass javax/xml/namespace/QName$1
instanceKlass javax/xml/namespace/QName
instanceKlass com/android/sdklib/repository/meta/DetailsTypes$AddonDetailsType
instanceKlass com/android/sdklib/repository/meta/DetailsTypes$ApiDetailsType
instanceKlass com/android/sdklib/repository/meta/DetailsTypes$AddonDetailsType$Libraries
instanceKlass com/android/sdklib/repository/meta/DetailsTypes$ExtraDetailsType
instanceKlass com/android/sdklib/repository/meta/AddonFactory
instanceKlass com/android/repository/api/SchemaModule
instanceKlass com/android/sdklib/repository/AndroidSdkHandler
instanceKlass com/android/repository/api/ProgressIndicatorAdapter
instanceKlass com/android/sdklib/repository/meta/DetailsTypes
instanceKlass com/android/build/gradle/internal/SdkParsingUtilsKt
instanceKlass com/android/build/gradle/internal/SupportToolsComponents$Companion
instanceKlass com/android/build/gradle/internal/SupportToolsComponents
instanceKlass kotlin/io/FilesKt__FilePathComponentsKt
instanceKlass com/android/build/gradle/internal/PlatformToolsComponents$Companion
instanceKlass com/android/build/gradle/internal/PlatformToolsComponents
instanceKlass com/android/repository/Revision$1
instanceKlass com/android/build/gradle/internal/SdkDirectLoadingStrategy$Companion
instanceKlass com/android/build/gradle/internal/SdkDirectLoadingStrategy
instanceKlass sun/nio/fs/WindowsChannelFactory$Flags
instanceKlass sun/nio/fs/WindowsChannelFactory$1
instanceKlass sun/nio/fs/WindowsChannelFactory
instanceKlass com/android/utils/EnvironmentProvider$1
instanceKlass com/android/sdklib/repository/legacy/remote/internal/DownloadCache
instanceKlass com/android/build/gradle/internal/SdkLibDataFactory$getSettingsController$1
instanceKlass com/android/repository/api/SettingsController
instanceKlass java/net/Proxy
instanceKlass com/android/repository/io/impl/FileSystemFileOp
instanceKlass com/android/repository/io/FileOp
instanceKlass com/android/repository/io/FileOpUtils
instanceKlass com/android/sdklib/repository/legacy/LegacyDownloader
instanceKlass com/android/repository/impl/downloader/LocalFileAwareDownloader
instanceKlass com/android/repository/api/Downloader
instanceKlass com/android/build/gradle/internal/SdkLibDataFactory
instanceKlass com/android/builder/sdk/SdkLibData
instanceKlass com/android/build/gradle/internal/errors/SyncIssueReporterImpl$GlobalSyncIssueService$Parameters$Inject
instanceKlass com/android/repository/api/ProgressIndicator
instanceKlass com/android/build/gradle/internal/SdkFullLoadingStrategy
instanceKlass org/gradle/api/internal/provider/TransformBackedProvider$$Lambda$553
instanceKlass com/android/build/gradle/internal/SdkComponentsBuildService$objcopyExecutableMapProvider$1
instanceKlass com/android/build/gradle/internal/SdkComponentsBuildService$stripExecutableFinderProvider$1
instanceKlass com/android/build/gradle/internal/SdkComponentsBuildService$ndkRevisionProvider$1
instanceKlass com/android/build/gradle/internal/SdkComponentsBuildService$ndkDirectoryProvider$1
instanceKlass com/android/build/gradle/internal/SdkComponentsBuildService$sdkDirectoryProvider$1
instanceKlass com/android/build/gradle/internal/SdkComponentsBuildService$supportBlasLibFolderProvider$1
instanceKlass com/android/build/gradle/internal/SdkComponentsBuildService$supportNativeLibFolderProvider$1
instanceKlass com/android/build/gradle/internal/SdkComponentsBuildService$renderScriptSupportJarProvider$1
instanceKlass com/android/build/gradle/internal/SdkComponentsBuildService$targetBootClasspathProvider$1
instanceKlass com/android/build/gradle/internal/SdkComponentsBuildService$targetAndroidVersionProvider$1
instanceKlass com/android/build/gradle/internal/SdkComponentsBuildService$optionalLibrariesProvider$1
instanceKlass com/android/build/gradle/internal/SdkComponentsBuildService$additionalLibrariesProvider$1
instanceKlass com/android/build/gradle/internal/SdkComponentsBuildService$aidlFrameworkProvider$1
instanceKlass com/android/build/gradle/internal/SdkComponentsBuildService$annotationsJarProvider$1
instanceKlass com/android/build/gradle/internal/SdkComponentsBuildService$androidJarProvider$1
instanceKlass com/android/build/gradle/internal/SdkComponentsBuildService$splitSelectExecutableProvider$1
instanceKlass com/android/build/gradle/internal/SdkComponentsBuildService$coreLambdaStubsProvider$1
instanceKlass org/gradle/api/internal/file/DefaultFilePropertyFactory$AbstractFileVar$1
instanceKlass com/android/build/gradle/internal/SdkComponentsBuildService$adbExecutableProvider$1
instanceKlass com/android/build/gradle/internal/SdkComponentsBuildService$aidlExecutableProvider$1
instanceKlass com/android/build/gradle/internal/SdkComponentsBuildService$buildToolsRevisionProvider$1
instanceKlass com/android/build/gradle/internal/SdkComponentsBuildService$buildToolInfoProvider$1
instanceKlass com/android/build/gradle/internal/SdkComponentsBuildService$sdkSetupCorrectly$1
instanceKlass com/android/build/gradle/internal/cxx/stripping/SymbolStripExecutableFinder
instanceKlass com/android/sdklib/OptionalLibrary
instanceKlass com/android/build/gradle/internal/ndk/NdkHandler
instanceKlass com/android/build/gradle/internal/SdkHandler
instanceKlass com/android/build/gradle/internal/SdkLoadingStrategy
instanceKlass com/android/build/gradle/internal/cxx/configure/NdkLocator
instanceKlass com/android/build/gradle/internal/SdkComponentsBuildService$Parameters$Inject
